# JRE version: Java(TM) SE Runtime Environment (8.0_202-b08) (build 1.8.0_202-b08)
# Java VM: Java HotSpot(TM) 64-Bit Server VM (25.202-b08 mixed mode windows-amd64 compressed oops)
Heap:
 PSYoungGen      total 57344K, used 43711K [0x0000000780600000, 0x0000000785180000, 0x00000007c0000000)
  eden space 49152K, 75% used [0x0000000780600000,0x0000000782a63670,0x0000000783600000)
  from space 8192K, 78% used [0x0000000783e00000,0x000000078444c660,0x0000000784600000)
  to   space 8192K, 0% used [0x0000000783600000,0x0000000783600000,0x0000000783e00000)
 ParOldGen       total 90112K, used 2499K [0x0000000701200000, 0x0000000706a00000, 0x0000000780600000)
  object space 90112K, 2% used [0x0000000701200000,0x0000000701470f50,0x0000000706a00000)
 Metaspace       used 15125K, capacity 15400K, committed 15616K, reserved 1064960K
  class space    used 1866K, capacity 1942K, committed 2048K, reserved 1048576K
GC Heap History (6 events):
Event: 0.386 GC heap before
{Heap before GC invocations=1 (full 0):
 PSYoungGen      total 57344K, used 13768K [0x0000000780600000, 0x0000000784600000, 0x00000007c0000000)
  eden space 49152K, 28% used [0x0000000780600000,0x00000007813720e0,0x0000000783600000)
  from space 8192K, 0% used [0x0000000783e00000,0x0000000783e00000,0x0000000784600000)
  to   space 8192K, 0% used [0x0000000783600000,0x0000000783600000,0x0000000783e00000)
 ParOldGen       total 131072K, used 0K [0x0000000701200000, 0x0000000709200000, 0x0000000780600000)
  object space 131072K, 0% used [0x0000000701200000,0x0000000701200000,0x0000000709200000)
 Metaspace       used 5930K, capacity 6088K, committed 6144K, reserved 1060864K
  class space    used 680K, capacity 732K, committed 768K, reserved 1048576K
Event: 0.389 GC heap after
Heap after GC invocations=1 (full 0):
 PSYoungGen      total 57344K, used 2624K [0x0000000780600000, 0x0000000784600000, 0x00000007c0000000)
  eden space 49152K, 0% used [0x0000000780600000,0x0000000780600000,0x0000000783600000)
  from space 8192K, 32% used [0x0000000783600000,0x0000000783890258,0x0000000783e00000)
  to   space 8192K, 0% used [0x0000000783e00000,0x0000000783e00000,0x0000000784600000)
 ParOldGen       total 131072K, used 8K [0x0000000701200000, 0x0000000709200000, 0x0000000780600000)
  object space 131072K, 0% used [0x0000000701200000,0x0000000701202000,0x0000000709200000)
 Metaspace       used 5930K, capacity 6088K, committed 6144K, reserved 1060864K
  class space    used 680K, capacity 732K, committed 768K, reserved 1048576K
}
Event: 0.389 GC heap before
{Heap before GC invocations=2 (full 1):
 PSYoungGen      total 57344K, used 2624K [0x0000000780600000, 0x0000000784600000, 0x00000007c0000000)
  eden space 49152K, 0% used [0x0000000780600000,0x0000000780600000,0x0000000783600000)
  from space 8192K, 32% used [0x0000000783600000,0x0000000783890258,0x0000000783e00000)
  to   space 8192K, 0% used [0x0000000783e00000,0x0000000783e00000,0x0000000784600000)
 ParOldGen       total 131072K, used 8K [0x0000000701200000, 0x0000000709200000, 0x0000000780600000)
  object space 131072K, 0% used [0x0000000701200000,0x0000000701202000,0x0000000709200000)
 Metaspace       used 5930K, capacity 6088K, committed 6144K, reserved 1060864K
  class space    used 680K, capacity 732K, committed 768K, reserved 1048576K
Event: 0.401 GC heap after
Heap after GC invocations=2 (full 1):
 PSYoungGen      total 57344K, used 0K [0x0000000780600000, 0x0000000784600000, 0x00000007c0000000)
  eden space 49152K, 0% used [0x0000000780600000,0x0000000780600000,0x0000000783600000)
  from space 8192K, 0% used [0x0000000783600000,0x0000000783600000,0x0000000783e00000)
  to   space 8192K, 0% used [0x0000000783e00000,0x0000000783e00000,0x0000000784600000)
 ParOldGen       total 90112K, used 2491K [0x0000000701200000, 0x0000000706a00000, 0x0000000780600000)
  object space 90112K, 2% used [0x0000000701200000,0x000000070146ef50,0x0000000706a00000)
 Metaspace       used 5930K, capacity 6088K, committed 6144K, reserved 1058816K
  class space    used 680K, capacity 732K, committed 768K, reserved 1048576K
}
Event: 0.821 GC heap before
{Heap before GC invocations=3 (full 1):
 PSYoungGen      total 57344K, used 49152K [0x0000000780600000, 0x0000000784600000, 0x00000007c0000000)
  eden space 49152K, 100% used [0x0000000780600000,0x0000000783600000,0x0000000783600000)
  from space 8192K, 0% used [0x0000000783600000,0x0000000783600000,0x0000000783e00000)
  to   space 8192K, 0% used [0x0000000783e00000,0x0000000783e00000,0x0000000784600000)
 ParOldGen       total 90112K, used 2491K [0x0000000701200000, 0x0000000706a00000, 0x0000000780600000)
  object space 90112K, 2% used [0x0000000701200000,0x000000070146ef50,0x0000000706a00000)
 Metaspace       used 11098K, capacity 11306K, committed 11520K, reserved 1062912K
  class space    used 1386K, capacity 1447K, committed 1536K, reserved 1048576K
Event: 0.826 GC heap after
Heap after GC invocations=3 (full 1):
 PSYoungGen      total 57344K, used 6449K [0x0000000780600000, 0x0000000785180000, 0x00000007c0000000)
  eden space 49152K, 0% used [0x0000000780600000,0x0000000780600000,0x0000000783600000)
  from space 8192K, 78% used [0x0000000783e00000,0x000000078444c660,0x0000000784600000)
  to   space 8192K, 0% used [0x0000000783600000,0x0000000783600000,0x0000000783e00000)
 ParOldGen       total 90112K, used 2499K [0x0000000701200000, 0x0000000706a00000, 0x0000000780600000)
  object space 90112K, 2% used [0x0000000701200000,0x0000000701470f50,0x0000000706a00000)
 Metaspace       used 11098K, capacity 11306K, committed 11520K, reserved 1062912K
  class space    used 1386K, capacity 1447K, committed 1536K, reserved 1048576K
}

