# JRE version: Java(TM) SE Runtime Environment (8.0_202-b08) (build 1.8.0_202-b08)
# Java VM: Java HotSpot(TM) 64-Bit Server VM (25.202-b08 mixed mode windows-amd64 compressed oops)
Heap:
 PSYoungGen      total 157184K, used 17069K [0x0000000780600000, 0x000000078b480000, 0x00000007c0000000)
  eden space 139776K, 4% used [0x0000000780600000,0x0000000780b9ca98,0x0000000788e80000)
  from space 17408K, 65% used [0x000000078a380000,0x000000078ae8ebb8,0x000000078b480000)
  to   space 19456K, 0% used [0x0000000788e80000,0x0000000788e80000,0x000000078a180000)
 ParOldGen       total 77312K, used 33991K [0x0000000701200000, 0x0000000705d80000, 0x0000000780600000)
  object space 77312K, 43% used [0x0000000701200000,0x0000000703331ec8,0x0000000705d80000)
 Metaspace       used 32455K, capacity 33410K, committed 33664K, reserved 1079296K
  class space    used 3791K, capacity 4136K, committed 4224K, reserved 1048576K
GC Heap History (10 events):
Event: 14.799 GC heap before
{Heap before GC invocations=7 (full 1):
 PSYoungGen      total 62976K, used 8616K [0x0000000780600000, 0x0000000788100000, 0x00000007c0000000)
  eden space 48128K, 0% used [0x0000000780600000,0x0000000780600000,0x0000000783500000)
  from space 14848K, 58% used [0x0000000784380000,0x0000000784bea040,0x0000000785200000)
  to   space 14848K, 0% used [0x0000000783500000,0x0000000783500000,0x0000000784380000)
 ParOldGen       total 131072K, used 14275K [0x0000000701200000, 0x0000000709200000, 0x0000000780600000)
  object space 131072K, 10% used [0x0000000701200000,0x0000000701ff0fd8,0x0000000709200000)
 Metaspace       used 20757K, capacity 21172K, committed 21296K, reserved 1069056K
  class space    used 2502K, capacity 2646K, committed 2688K, reserved 1048576K
Event: 14.935 GC heap after
Heap after GC invocations=7 (full 1):
 PSYoungGen      total 62976K, used 0K [0x0000000780600000, 0x0000000788100000, 0x00000007c0000000)
  eden space 48128K, 0% used [0x0000000780600000,0x0000000780600000,0x0000000783500000)
  from space 14848K, 0% used [0x0000000784380000,0x0000000784380000,0x0000000785200000)
  to   space 14848K, 0% used [0x0000000783500000,0x0000000783500000,0x0000000784380000)
 ParOldGen       total 77312K, used 17599K [0x0000000701200000, 0x0000000705d80000, 0x0000000780600000)
  object space 77312K, 22% used [0x0000000701200000,0x000000070232ff88,0x0000000705d80000)
 Metaspace       used 20757K, capacity 21172K, committed 21296K, reserved 1069056K
  class space    used 2502K, capacity 2646K, committed 2688K, reserved 1048576K
}
Event: 15.681 GC heap before
{Heap before GC invocations=8 (full 1):
 PSYoungGen      total 62976K, used 48128K [0x0000000780600000, 0x0000000788100000, 0x00000007c0000000)
  eden space 48128K, 100% used [0x0000000780600000,0x0000000783500000,0x0000000783500000)
  from space 14848K, 0% used [0x0000000784380000,0x0000000784380000,0x0000000785200000)
  to   space 14848K, 0% used [0x0000000783500000,0x0000000783500000,0x0000000784380000)
 ParOldGen       total 77312K, used 17599K [0x0000000701200000, 0x0000000705d80000, 0x0000000780600000)
  object space 77312K, 22% used [0x0000000701200000,0x000000070232ff88,0x0000000705d80000)
 Metaspace       used 22446K, capacity 23000K, committed 23344K, reserved 1069056K
  class space    used 2674K, capacity 2854K, committed 2944K, reserved 1048576K
Event: 15.822 GC heap after
Heap after GC invocations=8 (full 1):
 PSYoungGen      total 62976K, used 12163K [0x0000000780600000, 0x0000000787f00000, 0x00000007c0000000)
  eden space 48128K, 0% used [0x0000000780600000,0x0000000780600000,0x0000000783500000)
  from space 14848K, 81% used [0x0000000783500000,0x00000007840e0e80,0x0000000784380000)
  to   space 15360K, 0% used [0x0000000787000000,0x0000000787000000,0x0000000787f00000)
 ParOldGen       total 77312K, used 17599K [0x0000000701200000, 0x0000000705d80000, 0x0000000780600000)
  object space 77312K, 22% used [0x0000000701200000,0x000000070232ff88,0x0000000705d80000)
 Metaspace       used 22446K, capacity 23000K, committed 23344K, reserved 1069056K
  class space    used 2674K, capacity 2854K, committed 2944K, reserved 1048576K
}
Event: 16.346 GC heap before
{Heap before GC invocations=9 (full 1):
 PSYoungGen      total 62976K, used 60291K [0x0000000780600000, 0x0000000787f00000, 0x00000007c0000000)
  eden space 48128K, 100% used [0x0000000780600000,0x0000000783500000,0x0000000783500000)
  from space 14848K, 81% used [0x0000000783500000,0x00000007840e0e80,0x0000000784380000)
  to   space 15360K, 0% used [0x0000000787000000,0x0000000787000000,0x0000000787f00000)
 ParOldGen       total 77312K, used 17599K [0x0000000701200000, 0x0000000705d80000, 0x0000000780600000)
  object space 77312K, 22% used [0x0000000701200000,0x000000070232ff88,0x0000000705d80000)
 Metaspace       used 23678K, capacity 24348K, committed 24576K, reserved 1071104K
  class space    used 2808K, capacity 3004K, committed 3072K, reserved 1048576K
Event: 16.360 GC heap after
Heap after GC invocations=9 (full 1):
 PSYoungGen      total 107520K, used 13221K [0x0000000780600000, 0x0000000787f00000, 0x00000007c0000000)
  eden space 92160K, 0% used [0x0000000780600000,0x0000000780600000,0x0000000786000000)
  from space 15360K, 86% used [0x0000000787000000,0x0000000787ce97f0,0x0000000787f00000)
  to   space 15872K, 0% used [0x0000000786000000,0x0000000786000000,0x0000000786f80000)
 ParOldGen       total 77312K, used 17607K [0x0000000701200000, 0x0000000705d80000, 0x0000000780600000)
  object space 77312K, 22% used [0x0000000701200000,0x0000000702331f88,0x0000000705d80000)
 Metaspace       used 23678K, capacity 24348K, committed 24576K, reserved 1071104K
  class space    used 2808K, capacity 3004K, committed 3072K, reserved 1048576K
}
Event: 18.800 GC heap before
{Heap before GC invocations=10 (full 1):
 PSYoungGen      total 107520K, used 105381K [0x0000000780600000, 0x0000000787f00000, 0x00000007c0000000)
  eden space 92160K, 100% used [0x0000000780600000,0x0000000786000000,0x0000000786000000)
  from space 15360K, 86% used [0x0000000787000000,0x0000000787ce97f0,0x0000000787f00000)
  to   space 15872K, 0% used [0x0000000786000000,0x0000000786000000,0x0000000786f80000)
 ParOldGen       total 77312K, used 17607K [0x0000000701200000, 0x0000000705d80000, 0x0000000780600000)
  object space 77312K, 22% used [0x0000000701200000,0x0000000702331f88,0x0000000705d80000)
 Metaspace       used 25878K, capacity 26560K, committed 26624K, reserved 1073152K
  class space    used 3044K, capacity 3276K, committed 3328K, reserved 1048576K
Event: 18.814 GC heap after
Heap after GC invocations=10 (full 1):
 PSYoungGen      total 108032K, used 15860K [0x0000000780600000, 0x000000078b700000, 0x00000007c0000000)
  eden space 92160K, 0% used [0x0000000780600000,0x0000000780600000,0x0000000786000000)
  from space 15872K, 99% used [0x0000000786000000,0x0000000786f7d0c0,0x0000000786f80000)
  to   space 19968K, 0% used [0x000000078a380000,0x000000078a380000,0x000000078b700000)
 ParOldGen       total 77312K, used 24122K [0x0000000701200000, 0x0000000705d80000, 0x0000000780600000)
  object space 77312K, 31% used [0x0000000701200000,0x000000070298ebb8,0x0000000705d80000)
 Metaspace       used 25878K, capacity 26560K, committed 26624K, reserved 1073152K
  class space    used 3044K, capacity 3276K, committed 3328K, reserved 1048576K
}
Event: 24.988 GC heap before
{Heap before GC invocations=11 (full 1):
 PSYoungGen      total 108032K, used 108020K [0x0000000780600000, 0x000000078b700000, 0x00000007c0000000)
  eden space 92160K, 100% used [0x0000000780600000,0x0000000786000000,0x0000000786000000)
  from space 15872K, 99% used [0x0000000786000000,0x0000000786f7d0c0,0x0000000786f80000)
  to   space 19968K, 0% used [0x000000078a380000,0x000000078a380000,0x000000078b700000)
 ParOldGen       total 77312K, used 24122K [0x0000000701200000, 0x0000000705d80000, 0x0000000780600000)
  object space 77312K, 31% used [0x0000000701200000,0x000000070298ebb8,0x0000000705d80000)
 Metaspace       used 32351K, capacity 33218K, committed 33536K, reserved 1079296K
  class space    used 3780K, capacity 4072K, committed 4096K, reserved 1048576K
Event: 25.024 GC heap after
Heap after GC invocations=11 (full 1):
 PSYoungGen      total 157184K, used 11322K [0x0000000780600000, 0x000000078b480000, 0x00000007c0000000)
  eden space 139776K, 0% used [0x0000000780600000,0x0000000780600000,0x0000000788e80000)
  from space 17408K, 65% used [0x000000078a380000,0x000000078ae8ebb8,0x000000078b480000)
  to   space 19456K, 0% used [0x0000000788e80000,0x0000000788e80000,0x000000078a180000)
 ParOldGen       total 77312K, used 33991K [0x0000000701200000, 0x0000000705d80000, 0x0000000780600000)
  object space 77312K, 43% used [0x0000000701200000,0x0000000703331ec8,0x0000000705d80000)
 Metaspace       used 32351K, capacity 33218K, committed 33536K, reserved 1079296K
  class space    used 3780K, capacity 4072K, committed 4096K, reserved 1048576K
}

