# JRE version: Java(TM) SE Runtime Environment (8.0_202-b08) (build 1.8.0_202-b08)
# Java VM: Java HotSpot(TM) 64-Bit Server VM (25.202-b08 mixed mode windows-amd64 compressed oops)
Heap:
 PSYoungGen      total 31232K, used 13190K [0x0000000780600000, 0x0000000782f80000, 0x00000007c0000000)
  eden space 29184K, 39% used [0x0000000780600000,0x000000078112ce80,0x0000000782280000)
  from space 2048K, 85% used [0x0000000782300000,0x00000007824b4b00,0x0000000782500000)
  to   space 6656K, 0% used [0x0000000782900000,0x0000000782900000,0x0000000782f80000)
 ParOldGen       total 131072K, used 43555K [0x0000000701200000, 0x0000000709200000, 0x0000000780600000)
  object space 131072K, 33% used [0x0000000701200000,0x0000000703c88c60,0x0000000709200000)
 Metaspace       used 14345K, capacity 14588K, committed 14720K, reserved 1062912K
  class space    used 1488K, capacity 1584K, committed 1664K, reserved 1048576K
GC Heap History (10 events):
Event: 9184.999 GC heap before
{Heap before GC invocations=33 (full 0):
 PSYoungGen      total 39424K, used 33216K [0x0000000780600000, 0x0000000783500000, 0x00000007c0000000)
  eden space 31744K, 100% used [0x0000000780600000,0x0000000782500000,0x0000000782500000)
  from space 7680K, 19% used [0x0000000782d80000,0x0000000782ef0000,0x0000000783500000)
  to   space 8192K, 0% used [0x0000000782500000,0x0000000782500000,0x0000000782d00000)
 ParOldGen       total 131072K, used 39632K [0x0000000701200000, 0x0000000709200000, 0x0000000780600000)
  object space 131072K, 30% used [0x0000000701200000,0x00000007038b4318,0x0000000709200000)
 Metaspace       used 14338K, capacity 14588K, committed 14720K, reserved 1062912K
  class space    used 1488K, capacity 1584K, committed 1664K, reserved 1048576K
Event: 9185.002 GC heap after
Heap after GC invocations=33 (full 0):
 PSYoungGen      total 33280K, used 1796K [0x0000000780600000, 0x0000000783380000, 0x00000007c0000000)
  eden space 31232K, 0% used [0x0000000780600000,0x0000000780600000,0x0000000782480000)
  from space 2048K, 87% used [0x0000000782500000,0x00000007826c1190,0x0000000782700000)
  to   space 7680K, 0% used [0x0000000782c00000,0x0000000782c00000,0x0000000783380000)
 ParOldGen       total 131072K, used 39857K [0x0000000701200000, 0x0000000709200000, 0x0000000780600000)
  object space 131072K, 30% used [0x0000000701200000,0x00000007038ec478,0x0000000709200000)
 Metaspace       used 14338K, capacity 14588K, committed 14720K, reserved 1062912K
  class space    used 1488K, capacity 1584K, committed 1664K, reserved 1048576K
}
Event: 9424.995 GC heap before
{Heap before GC invocations=34 (full 0):
 PSYoungGen      total 33280K, used 33016K [0x0000000780600000, 0x0000000783380000, 0x00000007c0000000)
  eden space 31232K, 99% used [0x0000000780600000,0x000000078247ce90,0x0000000782480000)
  from space 2048K, 87% used [0x0000000782500000,0x00000007826c1190,0x0000000782700000)
  to   space 7680K, 0% used [0x0000000782c00000,0x0000000782c00000,0x0000000783380000)
 ParOldGen       total 131072K, used 39857K [0x0000000701200000, 0x0000000709200000, 0x0000000780600000)
  object space 131072K, 30% used [0x0000000701200000,0x00000007038ec478,0x0000000709200000)
 Metaspace       used 14338K, capacity 14588K, committed 14720K, reserved 1062912K
  class space    used 1488K, capacity 1584K, committed 1664K, reserved 1048576K
Event: 9424.998 GC heap after
Heap after GC invocations=34 (full 0):
 PSYoungGen      total 36864K, used 2727K [0x0000000780600000, 0x0000000783200000, 0x00000007c0000000)
  eden space 30720K, 0% used [0x0000000780600000,0x0000000780600000,0x0000000782400000)
  from space 6144K, 44% used [0x0000000782c00000,0x0000000782ea9eb0,0x0000000783200000)
  to   space 7168K, 0% used [0x0000000782400000,0x0000000782400000,0x0000000782b00000)
 ParOldGen       total 131072K, used 40542K [0x0000000701200000, 0x0000000709200000, 0x0000000780600000)
  object space 131072K, 30% used [0x0000000701200000,0x00000007039978f8,0x0000000709200000)
 Metaspace       used 14338K, capacity 14588K, committed 14720K, reserved 1062912K
  class space    used 1488K, capacity 1584K, committed 1664K, reserved 1048576K
}
Event: 9648.126 GC heap before
{Heap before GC invocations=35 (full 0):
 PSYoungGen      total 36864K, used 33347K [0x0000000780600000, 0x0000000783200000, 0x00000007c0000000)
  eden space 30720K, 99% used [0x0000000780600000,0x00000007823e6f38,0x0000000782400000)
  from space 6144K, 44% used [0x0000000782c00000,0x0000000782ea9eb0,0x0000000783200000)
  to   space 7168K, 0% used [0x0000000782400000,0x0000000782400000,0x0000000782b00000)
 ParOldGen       total 131072K, used 40542K [0x0000000701200000, 0x0000000709200000, 0x0000000780600000)
  object space 131072K, 30% used [0x0000000701200000,0x00000007039978f8,0x0000000709200000)
 Metaspace       used 14338K, capacity 14588K, committed 14720K, reserved 1062912K
  class space    used 1488K, capacity 1584K, committed 1664K, reserved 1048576K
Event: 9648.129 GC heap after
Heap after GC invocations=35 (full 0):
 PSYoungGen      total 32768K, used 2420K [0x0000000780600000, 0x0000000783180000, 0x00000007c0000000)
  eden space 30208K, 0% used [0x0000000780600000,0x0000000780600000,0x0000000782380000)
  from space 2560K, 94% used [0x0000000782400000,0x000000078265d3c0,0x0000000782680000)
  to   space 7168K, 0% used [0x0000000782a80000,0x0000000782a80000,0x0000000783180000)
 ParOldGen       total 131072K, used 41837K [0x0000000701200000, 0x0000000709200000, 0x0000000780600000)
  object space 131072K, 31% used [0x0000000701200000,0x0000000703adb698,0x0000000709200000)
 Metaspace       used 14338K, capacity 14588K, committed 14720K, reserved 1062912K
  class space    used 1488K, capacity 1584K, committed 1664K, reserved 1048576K
}
Event: 9874.621 GC heap before
{Heap before GC invocations=36 (full 0):
 PSYoungGen      total 32768K, used 32628K [0x0000000780600000, 0x0000000783180000, 0x00000007c0000000)
  eden space 30208K, 100% used [0x0000000780600000,0x0000000782380000,0x0000000782380000)
  from space 2560K, 94% used [0x0000000782400000,0x000000078265d3c0,0x0000000782680000)
  to   space 7168K, 0% used [0x0000000782a80000,0x0000000782a80000,0x0000000783180000)
 ParOldGen       total 131072K, used 41837K [0x0000000701200000, 0x0000000709200000, 0x0000000780600000)
  object space 131072K, 31% used [0x0000000701200000,0x0000000703adb698,0x0000000709200000)
 Metaspace       used 14339K, capacity 14588K, committed 14720K, reserved 1062912K
  class space    used 1488K, capacity 1584K, committed 1664K, reserved 1048576K
Event: 9874.624 GC heap after
Heap after GC invocations=36 (full 0):
 PSYoungGen      total 35328K, used 2340K [0x0000000780600000, 0x0000000783000000, 0x00000007c0000000)
  eden space 29696K, 0% used [0x0000000780600000,0x0000000780600000,0x0000000782300000)
  from space 5632K, 41% used [0x0000000782a80000,0x0000000782cc9190,0x0000000783000000)
  to   space 6656K, 0% used [0x0000000782300000,0x0000000782300000,0x0000000782980000)
 ParOldGen       total 131072K, used 42689K [0x0000000701200000, 0x0000000709200000, 0x0000000780600000)
  object space 131072K, 32% used [0x0000000701200000,0x0000000703bb06b0,0x0000000709200000)
 Metaspace       used 14339K, capacity 14588K, committed 14720K, reserved 1062912K
  class space    used 1488K, capacity 1584K, committed 1664K, reserved 1048576K
}
Event: 10118.117 GC heap before
{Heap before GC invocations=37 (full 0):
 PSYoungGen      total 35328K, used 32036K [0x0000000780600000, 0x0000000783000000, 0x00000007c0000000)
  eden space 29696K, 99% used [0x0000000780600000,0x00000007822ffef8,0x0000000782300000)
  from space 5632K, 41% used [0x0000000782a80000,0x0000000782cc9190,0x0000000783000000)
  to   space 6656K, 0% used [0x0000000782300000,0x0000000782300000,0x0000000782980000)
 ParOldGen       total 131072K, used 42689K [0x0000000701200000, 0x0000000709200000, 0x0000000780600000)
  object space 131072K, 32% used [0x0000000701200000,0x0000000703bb06b0,0x0000000709200000)
 Metaspace       used 14340K, capacity 14588K, committed 14720K, reserved 1062912K
  class space    used 1488K, capacity 1584K, committed 1664K, reserved 1048576K
Event: 10118.121 GC heap after
Heap after GC invocations=37 (full 0):
 PSYoungGen      total 31232K, used 1746K [0x0000000780600000, 0x0000000782f80000, 0x00000007c0000000)
  eden space 29184K, 0% used [0x0000000780600000,0x0000000780600000,0x0000000782280000)
  from space 2048K, 85% used [0x0000000782300000,0x00000007824b4b00,0x0000000782500000)
  to   space 6656K, 0% used [0x0000000782900000,0x0000000782900000,0x0000000782f80000)
 ParOldGen       total 131072K, used 43555K [0x0000000701200000, 0x0000000709200000, 0x0000000780600000)
  object space 131072K, 33% used [0x0000000701200000,0x0000000703c88c60,0x0000000709200000)
 Metaspace       used 14340K, capacity 14588K, committed 14720K, reserved 1062912K
  class space    used 1488K, capacity 1584K, committed 1664K, reserved 1048576K
}

