# JRE version: Java(TM) SE Runtime Environment (8.0_202-b08) (build 1.8.0_202-b08)
# Java VM: Java HotSpot(TM) 64-Bit Server VM (25.202-b08 mixed mode windows-amd64 compressed oops)
Heap:
 PSYoungGen      total 196608K, used 140452K [0x0000000780600000, 0x0000000793000000, 0x00000007c0000000)
  eden space 179200K, 78% used [0x0000000780600000,0x0000000788f29278,0x000000078b500000)
  from space 17408K, 0% used [0x000000078b500000,0x000000078b500000,0x000000078c600000)
  to   space 17408K, 0% used [0x0000000791f00000,0x0000000791f00000,0x0000000793000000)
 ParOldGen       total 79872K, used 20539K [0x0000000701200000, 0x0000000706000000, 0x0000000780600000)
  object space 79872K, 25% used [0x0000000701200000,0x000000070260edd0,0x0000000706000000)
 Metaspace       used 40605K, capacity 41110K, committed 41392K, reserved 1085440K
  class space    used 4816K, capacity 4946K, committed 5040K, reserved 1048576K
GC Heap History (10 events):
Event: 3.009 GC heap before
{Heap before GC invocations=7 (full 1):
 PSYoungGen      total 101376K, used 98187K [0x0000000780600000, 0x0000000788e80000, 0x00000007c0000000)
  eden space 93184K, 100% used [0x0000000780600000,0x0000000786100000,0x0000000786100000)
  from space 8192K, 61% used [0x0000000786100000,0x00000007865e2fb8,0x0000000786900000)
  to   space 11776K, 0% used [0x0000000788300000,0x0000000788300000,0x0000000788e80000)
 ParOldGen       total 79872K, used 8924K [0x0000000701200000, 0x0000000706000000, 0x0000000780600000)
  object space 79872K, 11% used [0x0000000701200000,0x0000000701ab7238,0x0000000706000000)
 Metaspace       used 25654K, capacity 26052K, committed 26288K, reserved 1073152K
  class space    used 3150K, capacity 3247K, committed 3248K, reserved 1048576K
Event: 3.037 GC heap after
Heap after GC invocations=7 (full 1):
 PSYoungGen      total 128000K, used 7687K [0x0000000780600000, 0x000000078b000000, 0x00000007c0000000)
  eden space 116224K, 0% used [0x0000000780600000,0x0000000780600000,0x0000000787780000)
  from space 11776K, 65% used [0x0000000788300000,0x0000000788a81e68,0x0000000788e80000)
  to   space 11776K, 0% used [0x0000000787780000,0x0000000787780000,0x0000000788300000)
 ParOldGen       total 79872K, used 8924K [0x0000000701200000, 0x0000000706000000, 0x0000000780600000)
  object space 79872K, 11% used [0x0000000701200000,0x0000000701ab7238,0x0000000706000000)
 Metaspace       used 25654K, capacity 26052K, committed 26288K, reserved 1073152K
  class space    used 3150K, capacity 3247K, committed 3248K, reserved 1048576K
}
Event: 3.769 GC heap before
{Heap before GC invocations=8 (full 1):
 PSYoungGen      total 128000K, used 123911K [0x0000000780600000, 0x000000078b000000, 0x00000007c0000000)
  eden space 116224K, 100% used [0x0000000780600000,0x0000000787780000,0x0000000787780000)
  from space 11776K, 65% used [0x0000000788300000,0x0000000788a81e68,0x0000000788e80000)
  to   space 11776K, 0% used [0x0000000787780000,0x0000000787780000,0x0000000788300000)
 ParOldGen       total 79872K, used 8924K [0x0000000701200000, 0x0000000706000000, 0x0000000780600000)
  object space 79872K, 11% used [0x0000000701200000,0x0000000701ab7238,0x0000000706000000)
 Metaspace       used 29091K, capacity 29574K, committed 29872K, reserved 1075200K
  class space    used 3597K, capacity 3706K, committed 3760K, reserved 1048576K
Event: 3.779 GC heap after
Heap after GC invocations=8 (full 1):
 PSYoungGen      total 128000K, used 11064K [0x0000000780600000, 0x000000078d300000, 0x00000007c0000000)
  eden space 116224K, 0% used [0x0000000780600000,0x0000000780600000,0x0000000787780000)
  from space 11776K, 93% used [0x0000000787780000,0x000000078824e2f8,0x0000000788300000)
  to   space 13312K, 0% used [0x000000078c600000,0x000000078c600000,0x000000078d300000)
 ParOldGen       total 79872K, used 8932K [0x0000000701200000, 0x0000000706000000, 0x0000000780600000)
  object space 79872K, 11% used [0x0000000701200000,0x0000000701ab9238,0x0000000706000000)
 Metaspace       used 29091K, capacity 29574K, committed 29872K, reserved 1075200K
  class space    used 3597K, capacity 3706K, committed 3760K, reserved 1048576K
}
Event: 4.879 GC heap before
{Heap before GC invocations=9 (full 1):
 PSYoungGen      total 128000K, used 127288K [0x0000000780600000, 0x000000078d300000, 0x00000007c0000000)
  eden space 116224K, 100% used [0x0000000780600000,0x0000000787780000,0x0000000787780000)
  from space 11776K, 93% used [0x0000000787780000,0x000000078824e2f8,0x0000000788300000)
  to   space 13312K, 0% used [0x000000078c600000,0x000000078c600000,0x000000078d300000)
 ParOldGen       total 79872K, used 8932K [0x0000000701200000, 0x0000000706000000, 0x0000000780600000)
  object space 79872K, 11% used [0x0000000701200000,0x0000000701ab9238,0x0000000706000000)
 Metaspace       used 34694K, capacity 35194K, committed 35376K, reserved 1081344K
  class space    used 4274K, capacity 4392K, committed 4400K, reserved 1048576K
Event: 4.895 GC heap after
Heap after GC invocations=9 (full 1):
 PSYoungGen      total 192512K, used 13289K [0x0000000780600000, 0x000000078d780000, 0x00000007c0000000)
  eden space 179200K, 0% used [0x0000000780600000,0x0000000780600000,0x000000078b500000)
  from space 13312K, 99% used [0x000000078c600000,0x000000078d2fa650,0x000000078d300000)
  to   space 17408K, 0% used [0x000000078b500000,0x000000078b500000,0x000000078c600000)
 ParOldGen       total 79872K, used 14059K [0x0000000701200000, 0x0000000706000000, 0x0000000780600000)
  object space 79872K, 17% used [0x0000000701200000,0x0000000701fbaed8,0x0000000706000000)
 Metaspace       used 34694K, capacity 35194K, committed 35376K, reserved 1081344K
  class space    used 4274K, capacity 4392K, committed 4400K, reserved 1048576K
}
Event: 4.916 GC heap before
{Heap before GC invocations=10 (full 1):
 PSYoungGen      total 192512K, used 15208K [0x0000000780600000, 0x000000078d780000, 0x00000007c0000000)
  eden space 179200K, 1% used [0x0000000780600000,0x00000007807dfbb0,0x000000078b500000)
  from space 13312K, 99% used [0x000000078c600000,0x000000078d2fa650,0x000000078d300000)
  to   space 17408K, 0% used [0x000000078b500000,0x000000078b500000,0x000000078c600000)
 ParOldGen       total 79872K, used 14059K [0x0000000701200000, 0x0000000706000000, 0x0000000780600000)
  object space 79872K, 17% used [0x0000000701200000,0x0000000701fbaed8,0x0000000706000000)
 Metaspace       used 34842K, capacity 35322K, committed 35496K, reserved 1081344K
  class space    used 4289K, capacity 4392K, committed 4400K, reserved 1048576K
Event: 4.928 GC heap after
Heap after GC invocations=10 (full 1):
 PSYoungGen      total 196608K, used 11445K [0x0000000780600000, 0x0000000793000000, 0x00000007c0000000)
  eden space 179200K, 0% used [0x0000000780600000,0x0000000780600000,0x000000078b500000)
  from space 17408K, 65% used [0x000000078b500000,0x000000078c02d550,0x000000078c600000)
  to   space 17408K, 0% used [0x0000000791f00000,0x0000000791f00000,0x0000000793000000)
 ParOldGen       total 79872K, used 16191K [0x0000000701200000, 0x0000000706000000, 0x0000000780600000)
  object space 79872K, 20% used [0x0000000701200000,0x00000007021cfee8,0x0000000706000000)
 Metaspace       used 34842K, capacity 35322K, committed 35496K, reserved 1081344K
  class space    used 4289K, capacity 4392K, committed 4400K, reserved 1048576K
}
Event: 4.928 GC heap before
{Heap before GC invocations=11 (full 2):
 PSYoungGen      total 196608K, used 11445K [0x0000000780600000, 0x0000000793000000, 0x00000007c0000000)
  eden space 179200K, 0% used [0x0000000780600000,0x0000000780600000,0x000000078b500000)
  from space 17408K, 65% used [0x000000078b500000,0x000000078c02d550,0x000000078c600000)
  to   space 17408K, 0% used [0x0000000791f00000,0x0000000791f00000,0x0000000793000000)
 ParOldGen       total 79872K, used 16191K [0x0000000701200000, 0x0000000706000000, 0x0000000780600000)
  object space 79872K, 20% used [0x0000000701200000,0x00000007021cfee8,0x0000000706000000)
 Metaspace       used 34842K, capacity 35322K, committed 35496K, reserved 1081344K
  class space    used 4289K, capacity 4392K, committed 4400K, reserved 1048576K
Event: 5.011 GC heap after
Heap after GC invocations=11 (full 2):
 PSYoungGen      total 196608K, used 0K [0x0000000780600000, 0x0000000793000000, 0x00000007c0000000)
  eden space 179200K, 0% used [0x0000000780600000,0x0000000780600000,0x000000078b500000)
  from space 17408K, 0% used [0x000000078b500000,0x000000078b500000,0x000000078c600000)
  to   space 17408K, 0% used [0x0000000791f00000,0x0000000791f00000,0x0000000793000000)
 ParOldGen       total 79872K, used 20539K [0x0000000701200000, 0x0000000706000000, 0x0000000780600000)
  object space 79872K, 25% used [0x0000000701200000,0x000000070260edd0,0x0000000706000000)
 Metaspace       used 34842K, capacity 35322K, committed 35496K, reserved 1081344K
  class space    used 4289K, capacity 4392K, committed 4400K, reserved 1048576K
}

