# JRE version: Java(TM) SE Runtime Environment (8.0_202-b08) (build 1.8.0_202-b08)
# Java VM: Java HotSpot(TM) 64-Bit Server VM (25.202-b08 mixed mode windows-amd64 compressed oops)
Heap:
 PSYoungGen      total 354816K, used 277984K [0x0000000780600000, 0x0000000798380000, 0x00000007c0000000)
  eden space 333312K, 76% used [0x0000000780600000,0x000000079007c9c0,0x0000000794b80000)
  from space 21504K, 99% used [0x0000000796580000,0x0000000797a7ba10,0x0000000797a80000)
  to   space 26624K, 0% used [0x0000000794b80000,0x0000000794b80000,0x0000000796580000)
 ParOldGen       total 120832K, used 31991K [0x0000000701200000, 0x0000000708800000, 0x0000000780600000)
  object space 120832K, 26% used [0x0000000701200000,0x000000070313dd00,0x0000000708800000)
 Metaspace       used 52566K, capacity 53330K, committed 53552K, reserved 1095680K
  class space    used 6252K, capacity 6410K, committed 6448K, reserved 1048576K
GC Heap History (10 events):
Event: 13.157 GC heap before
{Heap before GC invocations=8 (full 1):
 PSYoungGen      total 156160K, used 152908K [0x0000000780600000, 0x000000078c400000, 0x00000007c0000000)
  eden space 144896K, 100% used [0x0000000780600000,0x0000000789380000,0x0000000789380000)
  from space 11264K, 71% used [0x0000000789e80000,0x000000078a653080,0x000000078a980000)
  to   space 11264K, 0% used [0x0000000789380000,0x0000000789380000,0x0000000789e80000)
 ParOldGen       total 74752K, used 8866K [0x0000000701200000, 0x0000000705b00000, 0x0000000780600000)
  object space 74752K, 11% used [0x0000000701200000,0x0000000701aa8ba8,0x0000000705b00000)
 Metaspace       used 30029K, capacity 30518K, committed 30768K, reserved 1077248K
  class space    used 3718K, capacity 3842K, committed 3888K, reserved 1048576K
Event: 13.196 GC heap after
Heap after GC invocations=8 (full 1):
 PSYoungGen      total 156160K, used 11253K [0x0000000780600000, 0x0000000792480000, 0x00000007c0000000)
  eden space 144896K, 0% used [0x0000000780600000,0x0000000780600000,0x0000000789380000)
  from space 11264K, 99% used [0x0000000789380000,0x0000000789e7d608,0x0000000789e80000)
  to   space 13824K, 0% used [0x0000000791700000,0x0000000791700000,0x0000000792480000)
 ParOldGen       total 74752K, used 10520K [0x0000000701200000, 0x0000000705b00000, 0x0000000780600000)
  object space 74752K, 14% used [0x0000000701200000,0x0000000701c46320,0x0000000705b00000)
 Metaspace       used 30029K, capacity 30518K, committed 30768K, reserved 1077248K
  class space    used 3718K, capacity 3842K, committed 3888K, reserved 1048576K
}
Event: 14.440 GC heap before
{Heap before GC invocations=9 (full 1):
 PSYoungGen      total 156160K, used 92617K [0x0000000780600000, 0x0000000792480000, 0x00000007c0000000)
  eden space 144896K, 56% used [0x0000000780600000,0x0000000785574ff0,0x0000000789380000)
  from space 11264K, 99% used [0x0000000789380000,0x0000000789e7d608,0x0000000789e80000)
  to   space 13824K, 0% used [0x0000000791700000,0x0000000791700000,0x0000000792480000)
 ParOldGen       total 74752K, used 10520K [0x0000000701200000, 0x0000000705b00000, 0x0000000780600000)
  object space 74752K, 14% used [0x0000000701200000,0x0000000701c46320,0x0000000705b00000)
 Metaspace       used 34859K, capacity 35322K, committed 35496K, reserved 1081344K
  class space    used 4292K, capacity 4392K, committed 4400K, reserved 1048576K
Event: 14.473 GC heap after
Heap after GC invocations=9 (full 1):
 PSYoungGen      total 275456K, used 13823K [0x0000000780600000, 0x0000000792d80000, 0x00000007c0000000)
  eden space 261632K, 0% used [0x0000000780600000,0x0000000780600000,0x0000000790580000)
  from space 13824K, 99% used [0x0000000791700000,0x000000079247fee0,0x0000000792480000)
  to   space 17920K, 0% used [0x0000000790580000,0x0000000790580000,0x0000000791700000)
 ParOldGen       total 74752K, used 14668K [0x0000000701200000, 0x0000000705b00000, 0x0000000780600000)
  object space 74752K, 19% used [0x0000000701200000,0x0000000702053280,0x0000000705b00000)
 Metaspace       used 34859K, capacity 35322K, committed 35496K, reserved 1081344K
  class space    used 4292K, capacity 4392K, committed 4400K, reserved 1048576K
}
Event: 14.473 GC heap before
{Heap before GC invocations=10 (full 2):
 PSYoungGen      total 275456K, used 13823K [0x0000000780600000, 0x0000000792d80000, 0x00000007c0000000)
  eden space 261632K, 0% used [0x0000000780600000,0x0000000780600000,0x0000000790580000)
  from space 13824K, 99% used [0x0000000791700000,0x000000079247fee0,0x0000000792480000)
  to   space 17920K, 0% used [0x0000000790580000,0x0000000790580000,0x0000000791700000)
 ParOldGen       total 74752K, used 14668K [0x0000000701200000, 0x0000000705b00000, 0x0000000780600000)
  object space 74752K, 19% used [0x0000000701200000,0x0000000702053280,0x0000000705b00000)
 Metaspace       used 34859K, capacity 35322K, committed 35496K, reserved 1081344K
  class space    used 4292K, capacity 4392K, committed 4400K, reserved 1048576K
Event: 14.692 GC heap after
Heap after GC invocations=10 (full 2):
 PSYoungGen      total 275456K, used 0K [0x0000000780600000, 0x0000000792d80000, 0x00000007c0000000)
  eden space 261632K, 0% used [0x0000000780600000,0x0000000780600000,0x0000000790580000)
  from space 13824K, 0% used [0x0000000791700000,0x0000000791700000,0x0000000792480000)
  to   space 17920K, 0% used [0x0000000790580000,0x0000000790580000,0x0000000791700000)
 ParOldGen       total 120832K, used 23505K [0x0000000701200000, 0x0000000708800000, 0x0000000780600000)
  object space 120832K, 19% used [0x0000000701200000,0x00000007028f4770,0x0000000708800000)
 Metaspace       used 34859K, capacity 35322K, committed 35496K, reserved 1081344K
  class space    used 4292K, capacity 4392K, committed 4400K, reserved 1048576K
}
Event: 18.309 GC heap before
{Heap before GC invocations=11 (full 2):
 PSYoungGen      total 275456K, used 261632K [0x0000000780600000, 0x0000000792d80000, 0x00000007c0000000)
  eden space 261632K, 100% used [0x0000000780600000,0x0000000790580000,0x0000000790580000)
  from space 13824K, 0% used [0x0000000791700000,0x0000000791700000,0x0000000792480000)
  to   space 17920K, 0% used [0x0000000790580000,0x0000000790580000,0x0000000791700000)
 ParOldGen       total 120832K, used 23505K [0x0000000701200000, 0x0000000708800000, 0x0000000780600000)
  object space 120832K, 19% used [0x0000000701200000,0x00000007028f4770,0x0000000708800000)
 Metaspace       used 44995K, capacity 45552K, committed 46000K, reserved 1089536K
  class space    used 5364K, capacity 5499K, committed 5552K, reserved 1048576K
Event: 18.338 GC heap after
Heap after GC invocations=11 (full 2):
 PSYoungGen      total 279552K, used 17913K [0x0000000780600000, 0x0000000797a80000, 0x00000007c0000000)
  eden space 261632K, 0% used [0x0000000780600000,0x0000000780600000,0x0000000790580000)
  from space 17920K, 99% used [0x0000000790580000,0x00000007916fe480,0x0000000791700000)
  to   space 21504K, 0% used [0x0000000796580000,0x0000000796580000,0x0000000797a80000)
 ParOldGen       total 120832K, used 25890K [0x0000000701200000, 0x0000000708800000, 0x0000000780600000)
  object space 120832K, 21% used [0x0000000701200000,0x0000000702b48b08,0x0000000708800000)
 Metaspace       used 44995K, capacity 45552K, committed 46000K, reserved 1089536K
  class space    used 5364K, capacity 5499K, committed 5552K, reserved 1048576K
}
Event: 20.011 GC heap before
{Heap before GC invocations=12 (full 2):
 PSYoungGen      total 279552K, used 279545K [0x0000000780600000, 0x0000000797a80000, 0x00000007c0000000)
  eden space 261632K, 100% used [0x0000000780600000,0x0000000790580000,0x0000000790580000)
  from space 17920K, 99% used [0x0000000790580000,0x00000007916fe480,0x0000000791700000)
  to   space 21504K, 0% used [0x0000000796580000,0x0000000796580000,0x0000000797a80000)
 ParOldGen       total 120832K, used 25890K [0x0000000701200000, 0x0000000708800000, 0x0000000780600000)
  object space 120832K, 21% used [0x0000000701200000,0x0000000702b48b08,0x0000000708800000)
 Metaspace       used 48607K, capacity 49256K, committed 49584K, reserved 1093632K
  class space    used 5831K, capacity 5977K, committed 6064K, reserved 1048576K
Event: 20.042 GC heap after
Heap after GC invocations=12 (full 2):
 PSYoungGen      total 354816K, used 21486K [0x0000000780600000, 0x0000000798380000, 0x00000007c0000000)
  eden space 333312K, 0% used [0x0000000780600000,0x0000000780600000,0x0000000794b80000)
  from space 21504K, 99% used [0x0000000796580000,0x0000000797a7ba10,0x0000000797a80000)
  to   space 26624K, 0% used [0x0000000794b80000,0x0000000794b80000,0x0000000796580000)
 ParOldGen       total 120832K, used 31991K [0x0000000701200000, 0x0000000708800000, 0x0000000780600000)
  object space 120832K, 26% used [0x0000000701200000,0x000000070313dd00,0x0000000708800000)
 Metaspace       used 48607K, capacity 49256K, committed 49584K, reserved 1093632K
  class space    used 5831K, capacity 5977K, committed 6064K, reserved 1048576K
}

