# JRE version: Java(TM) SE Runtime Environment (8.0_202-b08) (build 1.8.0_202-b08)
# Java VM: Java HotSpot(TM) 64-Bit Server VM (25.202-b08 mixed mode windows-amd64 compressed oops)
Heap:
 PSYoungGen      total 395264K, used 66305K [0x0000000780600000, 0x00000007a6700000, 0x00000007c0000000)
  eden space 378368K, 13% used [0x0000000780600000,0x0000000783643e80,0x0000000797780000)
  from space 16896K, 99% used [0x0000000797780000,0x00000007987fc5b8,0x0000000798800000)
  to   space 23040K, 0% used [0x00000007a5080000,0x00000007a5080000,0x00000007a6700000)
 ParOldGen       total 81408K, used 31653K [0x0000000701200000, 0x0000000706180000, 0x0000000780600000)
  object space 81408K, 38% used [0x0000000701200000,0x00000007030e97b8,0x0000000706180000)
 Metaspace       used 46845K, capacity 47422K, committed 47792K, reserved 1091584K
  class space    used 5580K, capacity 5704K, committed 5808K, reserved 1048576K
GC Heap History (10 events):
Event: 12.224 GC heap before
{Heap before GC invocations=7 (full 1):
 PSYoungGen      total 106496K, used 103759K [0x0000000780600000, 0x000000078d900000, 0x00000007c0000000)
  eden space 98304K, 100% used [0x0000000780600000,0x0000000786600000,0x0000000786600000)
  from space 8192K, 66% used [0x0000000786600000,0x0000000786b53f50,0x0000000786e00000)
  to   space 10752K, 0% used [0x000000078ce80000,0x000000078ce80000,0x000000078d900000)
 ParOldGen       total 60416K, used 8910K [0x0000000701200000, 0x0000000704d00000, 0x0000000780600000)
  object space 60416K, 14% used [0x0000000701200000,0x0000000701ab3bb8,0x0000000704d00000)
 Metaspace       used 25541K, capacity 25970K, committed 26032K, reserved 1073152K
  class space    used 3130K, capacity 3244K, committed 3248K, reserved 1048576K
Event: 12.385 GC heap after
Heap after GC invocations=7 (full 1):
 PSYoungGen      total 204288K, used 8157K [0x0000000780600000, 0x000000078d880000, 0x00000007c0000000)
  eden space 194048K, 0% used [0x0000000780600000,0x0000000780600000,0x000000078c380000)
  from space 10240K, 79% used [0x000000078ce80000,0x000000078d677640,0x000000078d880000)
  to   space 10752K, 0% used [0x000000078c380000,0x000000078c380000,0x000000078ce00000)
 ParOldGen       total 60416K, used 8910K [0x0000000701200000, 0x0000000704d00000, 0x0000000780600000)
  object space 60416K, 14% used [0x0000000701200000,0x0000000701ab3bb8,0x0000000704d00000)
 Metaspace       used 25541K, capacity 25970K, committed 26032K, reserved 1073152K
  class space    used 3130K, capacity 3244K, committed 3248K, reserved 1048576K
}
Event: 14.506 GC heap before
{Heap before GC invocations=8 (full 1):
 PSYoungGen      total 204288K, used 202205K [0x0000000780600000, 0x000000078d880000, 0x00000007c0000000)
  eden space 194048K, 100% used [0x0000000780600000,0x000000078c380000,0x000000078c380000)
  from space 10240K, 79% used [0x000000078ce80000,0x000000078d677640,0x000000078d880000)
  to   space 10752K, 0% used [0x000000078c380000,0x000000078c380000,0x000000078ce00000)
 ParOldGen       total 60416K, used 8910K [0x0000000701200000, 0x0000000704d00000, 0x0000000780600000)
  object space 60416K, 14% used [0x0000000701200000,0x0000000701ab3bb8,0x0000000704d00000)
 Metaspace       used 31546K, capacity 32034K, committed 32176K, reserved 1077248K
  class space    used 3898K, capacity 4004K, committed 4016K, reserved 1048576K
Event: 14.519 GC heap after
Heap after GC invocations=8 (full 1):
 PSYoungGen      total 204800K, used 10738K [0x0000000780600000, 0x0000000799580000, 0x00000007c0000000)
  eden space 194048K, 0% used [0x0000000780600000,0x0000000780600000,0x000000078c380000)
  from space 10752K, 99% used [0x000000078c380000,0x000000078cdfcab0,0x000000078ce00000)
  to   space 13824K, 0% used [0x0000000798800000,0x0000000798800000,0x0000000799580000)
 ParOldGen       total 60416K, used 12984K [0x0000000701200000, 0x0000000704d00000, 0x0000000780600000)
  object space 60416K, 21% used [0x0000000701200000,0x0000000701eae1b8,0x0000000704d00000)
 Metaspace       used 31546K, capacity 32034K, committed 32176K, reserved 1077248K
  class space    used 3898K, capacity 4004K, committed 4016K, reserved 1048576K
}
Event: 15.601 GC heap before
{Heap before GC invocations=9 (full 1):
 PSYoungGen      total 204800K, used 71888K [0x0000000780600000, 0x0000000799580000, 0x00000007c0000000)
  eden space 194048K, 31% used [0x0000000780600000,0x00000007841b75b0,0x000000078c380000)
  from space 10752K, 99% used [0x000000078c380000,0x000000078cdfcab0,0x000000078ce00000)
  to   space 13824K, 0% used [0x0000000798800000,0x0000000798800000,0x0000000799580000)
 ParOldGen       total 60416K, used 12984K [0x0000000701200000, 0x0000000704d00000, 0x0000000780600000)
  object space 60416K, 21% used [0x0000000701200000,0x0000000701eae1b8,0x0000000704d00000)
 Metaspace       used 34852K, capacity 35322K, committed 35496K, reserved 1081344K
  class space    used 4289K, capacity 4392K, committed 4400K, reserved 1048576K
Event: 15.623 GC heap after
Heap after GC invocations=9 (full 1):
 PSYoungGen      total 392192K, used 13817K [0x0000000780600000, 0x0000000799a00000, 0x00000007c0000000)
  eden space 378368K, 0% used [0x0000000780600000,0x0000000780600000,0x0000000797780000)
  from space 13824K, 99% used [0x0000000798800000,0x000000079957e660,0x0000000799580000)
  to   space 16896K, 0% used [0x0000000797780000,0x0000000797780000,0x0000000798800000)
 ParOldGen       total 60416K, used 15723K [0x0000000701200000, 0x0000000704d00000, 0x0000000780600000)
  object space 60416K, 26% used [0x0000000701200000,0x000000070215ad08,0x0000000704d00000)
 Metaspace       used 34852K, capacity 35322K, committed 35496K, reserved 1081344K
  class space    used 4289K, capacity 4392K, committed 4400K, reserved 1048576K
}
Event: 15.623 GC heap before
{Heap before GC invocations=10 (full 2):
 PSYoungGen      total 392192K, used 13817K [0x0000000780600000, 0x0000000799a00000, 0x00000007c0000000)
  eden space 378368K, 0% used [0x0000000780600000,0x0000000780600000,0x0000000797780000)
  from space 13824K, 99% used [0x0000000798800000,0x000000079957e660,0x0000000799580000)
  to   space 16896K, 0% used [0x0000000797780000,0x0000000797780000,0x0000000798800000)
 ParOldGen       total 60416K, used 15723K [0x0000000701200000, 0x0000000704d00000, 0x0000000780600000)
  object space 60416K, 26% used [0x0000000701200000,0x000000070215ad08,0x0000000704d00000)
 Metaspace       used 34852K, capacity 35322K, committed 35496K, reserved 1081344K
  class space    used 4289K, capacity 4392K, committed 4400K, reserved 1048576K
Event: 15.733 GC heap after
Heap after GC invocations=10 (full 2):
 PSYoungGen      total 392192K, used 0K [0x0000000780600000, 0x0000000799a00000, 0x00000007c0000000)
  eden space 378368K, 0% used [0x0000000780600000,0x0000000780600000,0x0000000797780000)
  from space 13824K, 0% used [0x0000000798800000,0x0000000798800000,0x0000000799580000)
  to   space 16896K, 0% used [0x0000000797780000,0x0000000797780000,0x0000000798800000)
 ParOldGen       total 81408K, used 22141K [0x0000000701200000, 0x0000000706180000, 0x0000000780600000)
  object space 81408K, 27% used [0x0000000701200000,0x000000070279f680,0x0000000706180000)
 Metaspace       used 34852K, capacity 35322K, committed 35496K, reserved 1081344K
  class space    used 4289K, capacity 4392K, committed 4400K, reserved 1048576K
}
Event: 19.862 GC heap before
{Heap before GC invocations=11 (full 2):
 PSYoungGen      total 392192K, used 378368K [0x0000000780600000, 0x0000000799a00000, 0x00000007c0000000)
  eden space 378368K, 100% used [0x0000000780600000,0x0000000797780000,0x0000000797780000)
  from space 13824K, 0% used [0x0000000798800000,0x0000000798800000,0x0000000799580000)
  to   space 16896K, 0% used [0x0000000797780000,0x0000000797780000,0x0000000798800000)
 ParOldGen       total 81408K, used 22141K [0x0000000701200000, 0x0000000706180000, 0x0000000780600000)
  object space 81408K, 27% used [0x0000000701200000,0x000000070279f680,0x0000000706180000)
 Metaspace       used 46331K, capacity 46894K, committed 47152K, reserved 1091584K
  class space    used 5529K, capacity 5664K, committed 5680K, reserved 1048576K
Event: 19.905 GC heap after
Heap after GC invocations=11 (full 2):
 PSYoungGen      total 395264K, used 16881K [0x0000000780600000, 0x00000007a6700000, 0x00000007c0000000)
  eden space 378368K, 0% used [0x0000000780600000,0x0000000780600000,0x0000000797780000)
  from space 16896K, 99% used [0x0000000797780000,0x00000007987fc5b8,0x0000000798800000)
  to   space 23040K, 0% used [0x00000007a5080000,0x00000007a5080000,0x00000007a6700000)
 ParOldGen       total 81408K, used 31653K [0x0000000701200000, 0x0000000706180000, 0x0000000780600000)
  object space 81408K, 38% used [0x0000000701200000,0x00000007030e97b8,0x0000000706180000)
 Metaspace       used 46331K, capacity 46894K, committed 47152K, reserved 1091584K
  class space    used 5529K, capacity 5664K, committed 5680K, reserved 1048576K
}

