# JRE version: Java(TM) SE Runtime Environment (8.0_202-b08) (build 1.8.0_202-b08)
# Java VM: Java HotSpot(TM) 64-Bit Server VM (25.202-b08 mixed mode windows-amd64 compressed oops)
Heap:
 PSYoungGen      total 76288K, used 5380K [0x0000000780600000, 0x0000000786f80000, 0x00000007c0000000)
  eden space 74752K, 7% used [0x0000000780600000,0x0000000780b412d8,0x0000000784f00000)
  from space 1536K, 0% used [0x0000000786e00000,0x0000000786e00000,0x0000000786f80000)
  to   space 8192K, 0% used [0x0000000785f80000,0x0000000785f80000,0x0000000786780000)
 ParOldGen       total 80896K, used 6102K [0x0000000701200000, 0x0000000706100000, 0x0000000780600000)
  object space 80896K, 7% used [0x0000000701200000,0x00000007017f5b38,0x0000000706100000)
 Metaspace       used 22343K, capacity 22742K, committed 23168K, reserved 1069056K
  class space    used 3230K, capacity 3345K, committed 3456K, reserved 1048576K
GC Heap History (10 events):
Event: 1.572 GC heap before
{Heap before GC invocations=2 (full 0):
 PSYoungGen      total 57344K, used 57318K [0x0000000780600000, 0x0000000784600000, 0x00000007c0000000)
  eden space 49152K, 100% used [0x0000000780600000,0x0000000783600000,0x0000000783600000)
  from space 8192K, 99% used [0x0000000783600000,0x0000000783df98d0,0x0000000783e00000)
  to   space 8192K, 0% used [0x0000000783e00000,0x0000000783e00000,0x0000000784600000)
 ParOldGen       total 131072K, used 223K [0x0000000701200000, 0x0000000709200000, 0x0000000780600000)
  object space 131072K, 0% used [0x0000000701200000,0x0000000701237cf0,0x0000000709200000)
 Metaspace       used 19076K, capacity 19370K, committed 19456K, reserved 1067008K
  class space    used 2718K, capacity 2807K, committed 2816K, reserved 1048576K
Event: 1.579 GC heap after
Heap after GC invocations=2 (full 0):
 PSYoungGen      total 57344K, used 8185K [0x0000000780600000, 0x0000000787600000, 0x00000007c0000000)
  eden space 49152K, 0% used [0x0000000780600000,0x0000000780600000,0x0000000783600000)
  from space 8192K, 99% used [0x0000000783e00000,0x00000007845fe5b0,0x0000000784600000)
  to   space 8192K, 0% used [0x0000000783600000,0x0000000783600000,0x0000000783e00000)
 ParOldGen       total 131072K, used 1602K [0x0000000701200000, 0x0000000709200000, 0x0000000780600000)
  object space 131072K, 1% used [0x0000000701200000,0x0000000701390a38,0x0000000709200000)
 Metaspace       used 19076K, capacity 19370K, committed 19456K, reserved 1067008K
  class space    used 2718K, capacity 2807K, committed 2816K, reserved 1048576K
}
Event: 1.804 GC heap before
{Heap before GC invocations=3 (full 0):
 PSYoungGen      total 57344K, used 20339K [0x0000000780600000, 0x0000000787600000, 0x00000007c0000000)
  eden space 49152K, 24% used [0x0000000780600000,0x00000007811de8a0,0x0000000783600000)
  from space 8192K, 99% used [0x0000000783e00000,0x00000007845fe5b0,0x0000000784600000)
  to   space 8192K, 0% used [0x0000000783600000,0x0000000783600000,0x0000000783e00000)
 ParOldGen       total 131072K, used 1602K [0x0000000701200000, 0x0000000709200000, 0x0000000780600000)
  object space 131072K, 1% used [0x0000000701200000,0x0000000701390a38,0x0000000709200000)
 Metaspace       used 20869K, capacity 21102K, committed 21248K, reserved 1067008K
  class space    used 2979K, capacity 3065K, committed 3072K, reserved 1048576K
Event: 1.807 GC heap after
Heap after GC invocations=3 (full 0):
 PSYoungGen      total 57344K, used 5925K [0x0000000780600000, 0x0000000787600000, 0x00000007c0000000)
  eden space 49152K, 0% used [0x0000000780600000,0x0000000780600000,0x0000000783600000)
  from space 8192K, 72% used [0x0000000783600000,0x0000000783bc96e0,0x0000000783e00000)
  to   space 8192K, 0% used [0x0000000786e00000,0x0000000786e00000,0x0000000787600000)
 ParOldGen       total 131072K, used 1610K [0x0000000701200000, 0x0000000709200000, 0x0000000780600000)
  object space 131072K, 1% used [0x0000000701200000,0x0000000701392a38,0x0000000709200000)
 Metaspace       used 20869K, capacity 21102K, committed 21248K, reserved 1067008K
  class space    used 2979K, capacity 3065K, committed 3072K, reserved 1048576K
}
Event: 1.807 GC heap before
{Heap before GC invocations=4 (full 1):
 PSYoungGen      total 57344K, used 5925K [0x0000000780600000, 0x0000000787600000, 0x00000007c0000000)
  eden space 49152K, 0% used [0x0000000780600000,0x0000000780600000,0x0000000783600000)
  from space 8192K, 72% used [0x0000000783600000,0x0000000783bc96e0,0x0000000783e00000)
  to   space 8192K, 0% used [0x0000000786e00000,0x0000000786e00000,0x0000000787600000)
 ParOldGen       total 131072K, used 1610K [0x0000000701200000, 0x0000000709200000, 0x0000000780600000)
  object space 131072K, 1% used [0x0000000701200000,0x0000000701392a38,0x0000000709200000)
 Metaspace       used 20869K, capacity 21102K, committed 21248K, reserved 1067008K
  class space    used 2979K, capacity 3065K, committed 3072K, reserved 1048576K
Event: 1.828 GC heap after
Heap after GC invocations=4 (full 1):
 PSYoungGen      total 57344K, used 0K [0x0000000780600000, 0x0000000787600000, 0x00000007c0000000)
  eden space 49152K, 0% used [0x0000000780600000,0x0000000780600000,0x0000000783600000)
  from space 8192K, 0% used [0x0000000783600000,0x0000000783600000,0x0000000783e00000)
  to   space 8192K, 0% used [0x0000000786e00000,0x0000000786e00000,0x0000000787600000)
 ParOldGen       total 80896K, used 5733K [0x0000000701200000, 0x0000000706100000, 0x0000000780600000)
  object space 80896K, 7% used [0x0000000701200000,0x0000000701799660,0x0000000706100000)
 Metaspace       used 20869K, capacity 21102K, committed 21248K, reserved 1067008K
  class space    used 2979K, capacity 3065K, committed 3072K, reserved 1048576K
}
Event: 1.925 GC heap before
{Heap before GC invocations=5 (full 1):
 PSYoungGen      total 57344K, used 13658K [0x0000000780600000, 0x0000000787600000, 0x00000007c0000000)
  eden space 49152K, 27% used [0x0000000780600000,0x0000000781356ad8,0x0000000783600000)
  from space 8192K, 0% used [0x0000000783600000,0x0000000783600000,0x0000000783e00000)
  to   space 8192K, 0% used [0x0000000786e00000,0x0000000786e00000,0x0000000787600000)
 ParOldGen       total 80896K, used 5733K [0x0000000701200000, 0x0000000706100000, 0x0000000780600000)
  object space 80896K, 7% used [0x0000000701200000,0x0000000701799660,0x0000000706100000)
 Metaspace       used 22162K, capacity 22422K, committed 22784K, reserved 1069056K
  class space    used 3215K, capacity 3281K, committed 3328K, reserved 1048576K
Event: 1.927 GC heap after
Heap after GC invocations=5 (full 1):
 PSYoungGen      total 76288K, used 1529K [0x0000000780600000, 0x0000000786f80000, 0x00000007c0000000)
  eden space 74752K, 0% used [0x0000000780600000,0x0000000780600000,0x0000000784f00000)
  from space 1536K, 99% used [0x0000000786e00000,0x0000000786f7e538,0x0000000786f80000)
  to   space 8192K, 0% used [0x0000000785f80000,0x0000000785f80000,0x0000000786780000)
 ParOldGen       total 80896K, used 5733K [0x0000000701200000, 0x0000000706100000, 0x0000000780600000)
  object space 80896K, 7% used [0x0000000701200000,0x0000000701799660,0x0000000706100000)
 Metaspace       used 22162K, capacity 22422K, committed 22784K, reserved 1069056K
  class space    used 3215K, capacity 3281K, committed 3328K, reserved 1048576K
}
Event: 1.927 GC heap before
{Heap before GC invocations=6 (full 2):
 PSYoungGen      total 76288K, used 1529K [0x0000000780600000, 0x0000000786f80000, 0x00000007c0000000)
  eden space 74752K, 0% used [0x0000000780600000,0x0000000780600000,0x0000000784f00000)
  from space 1536K, 99% used [0x0000000786e00000,0x0000000786f7e538,0x0000000786f80000)
  to   space 8192K, 0% used [0x0000000785f80000,0x0000000785f80000,0x0000000786780000)
 ParOldGen       total 80896K, used 5733K [0x0000000701200000, 0x0000000706100000, 0x0000000780600000)
  object space 80896K, 7% used [0x0000000701200000,0x0000000701799660,0x0000000706100000)
 Metaspace       used 22162K, capacity 22422K, committed 22784K, reserved 1069056K
  class space    used 3215K, capacity 3281K, committed 3328K, reserved 1048576K
Event: 1.965 GC heap after
Heap after GC invocations=6 (full 2):
 PSYoungGen      total 76288K, used 0K [0x0000000780600000, 0x0000000786f80000, 0x00000007c0000000)
  eden space 74752K, 0% used [0x0000000780600000,0x0000000780600000,0x0000000784f00000)
  from space 1536K, 0% used [0x0000000786e00000,0x0000000786e00000,0x0000000786f80000)
  to   space 8192K, 0% used [0x0000000785f80000,0x0000000785f80000,0x0000000786780000)
 ParOldGen       total 80896K, used 6102K [0x0000000701200000, 0x0000000706100000, 0x0000000780600000)
  object space 80896K, 7% used [0x0000000701200000,0x00000007017f5b38,0x0000000706100000)
 Metaspace       used 22162K, capacity 22422K, committed 22784K, reserved 1069056K
  class space    used 3215K, capacity 3281K, committed 3328K, reserved 1048576K
}

