# JRE version: Java(TM) SE Runtime Environment (8.0_202-b08) (build 1.8.0_202-b08)
# Java VM: Java HotSpot(TM) 64-Bit Server VM (25.202-b08 mixed mode windows-amd64 compressed oops)
Heap:
 PSYoungGen      total 169984K, used 6241K [0x0000000780600000, 0x000000078d100000, 0x00000007c0000000)
  eden space 166912K, 3% used [0x0000000780600000,0x0000000780c185c0,0x000000078a900000)
  from space 3072K, 0% used [0x000000078ce00000,0x000000078ce00000,0x000000078d100000)
  to   space 8192K, 0% used [0x000000078c100000,0x000000078c100000,0x000000078c900000)
 ParOldGen       total 73728K, used 7668K [0x0000000701200000, 0x0000000705a00000, 0x0000000780600000)
  object space 73728K, 10% used [0x0000000701200000,0x000000070197d078,0x0000000705a00000)
 Metaspace       used 23765K, capacity 24290K, committed 24576K, reserved 1071104K
  class space    used 3414K, capacity 3559K, committed 3584K, reserved 1048576K
GC Heap History (10 events):
Event: 1.538 GC heap before
{Heap before GC invocations=2 (full 0):
 PSYoungGen      total 57344K, used 57318K [0x0000000780600000, 0x0000000787600000, 0x00000007c0000000)
  eden space 49152K, 100% used [0x0000000780600000,0x0000000783600000,0x0000000783600000)
  from space 8192K, 99% used [0x0000000783600000,0x0000000783df9a60,0x0000000783e00000)
  to   space 8192K, 0% used [0x0000000786e00000,0x0000000786e00000,0x0000000787600000)
 ParOldGen       total 131072K, used 55K [0x0000000701200000, 0x0000000709200000, 0x0000000780600000)
  object space 131072K, 0% used [0x0000000701200000,0x000000070120dfb8,0x0000000709200000)
 Metaspace       used 19127K, capacity 19606K, committed 19968K, reserved 1067008K
  class space    used 2683K, capacity 2797K, committed 2816K, reserved 1048576K
Event: 1.546 GC heap after
Heap after GC invocations=2 (full 0):
 PSYoungGen      total 106496K, used 8166K [0x0000000780600000, 0x0000000787600000, 0x00000007c0000000)
  eden space 98304K, 0% used [0x0000000780600000,0x0000000780600000,0x0000000786600000)
  from space 8192K, 99% used [0x0000000786e00000,0x00000007875f9930,0x0000000787600000)
  to   space 8192K, 0% used [0x0000000786600000,0x0000000786600000,0x0000000786e00000)
 ParOldGen       total 131072K, used 1980K [0x0000000701200000, 0x0000000709200000, 0x0000000780600000)
  object space 131072K, 1% used [0x0000000701200000,0x00000007013ef050,0x0000000709200000)
 Metaspace       used 19127K, capacity 19606K, committed 19968K, reserved 1067008K
  class space    used 2683K, capacity 2797K, committed 2816K, reserved 1048576K
}
Event: 1.672 GC heap before
{Heap before GC invocations=3 (full 0):
 PSYoungGen      total 106496K, used 26040K [0x0000000780600000, 0x0000000787600000, 0x00000007c0000000)
  eden space 98304K, 18% used [0x0000000780600000,0x0000000781774a38,0x0000000786600000)
  from space 8192K, 99% used [0x0000000786e00000,0x00000007875f9930,0x0000000787600000)
  to   space 8192K, 0% used [0x0000000786600000,0x0000000786600000,0x0000000786e00000)
 ParOldGen       total 131072K, used 1980K [0x0000000701200000, 0x0000000709200000, 0x0000000780600000)
  object space 131072K, 1% used [0x0000000701200000,0x00000007013ef050,0x0000000709200000)
 Metaspace       used 20664K, capacity 21078K, committed 21248K, reserved 1067008K
  class space    used 2925K, capacity 3053K, committed 3072K, reserved 1048576K
Event: 1.688 GC heap after
Heap after GC invocations=3 (full 0):
 PSYoungGen      total 106496K, used 6650K [0x0000000780600000, 0x000000078d600000, 0x00000007c0000000)
  eden space 98304K, 0% used [0x0000000780600000,0x0000000780600000,0x0000000786600000)
  from space 8192K, 81% used [0x0000000786600000,0x0000000786c7e980,0x0000000786e00000)
  to   space 8192K, 0% used [0x000000078ce00000,0x000000078ce00000,0x000000078d600000)
 ParOldGen       total 131072K, used 1988K [0x0000000701200000, 0x0000000709200000, 0x0000000780600000)
  object space 131072K, 1% used [0x0000000701200000,0x00000007013f1050,0x0000000709200000)
 Metaspace       used 20664K, capacity 21078K, committed 21248K, reserved 1067008K
  class space    used 2925K, capacity 3053K, committed 3072K, reserved 1048576K
}
Event: 1.688 GC heap before
{Heap before GC invocations=4 (full 1):
 PSYoungGen      total 106496K, used 6650K [0x0000000780600000, 0x000000078d600000, 0x00000007c0000000)
  eden space 98304K, 0% used [0x0000000780600000,0x0000000780600000,0x0000000786600000)
  from space 8192K, 81% used [0x0000000786600000,0x0000000786c7e980,0x0000000786e00000)
  to   space 8192K, 0% used [0x000000078ce00000,0x000000078ce00000,0x000000078d600000)
 ParOldGen       total 131072K, used 1988K [0x0000000701200000, 0x0000000709200000, 0x0000000780600000)
  object space 131072K, 1% used [0x0000000701200000,0x00000007013f1050,0x0000000709200000)
 Metaspace       used 20664K, capacity 21078K, committed 21248K, reserved 1067008K
  class space    used 2925K, capacity 3053K, committed 3072K, reserved 1048576K
Event: 1.723 GC heap after
Heap after GC invocations=4 (full 1):
 PSYoungGen      total 106496K, used 0K [0x0000000780600000, 0x000000078d600000, 0x00000007c0000000)
  eden space 98304K, 0% used [0x0000000780600000,0x0000000780600000,0x0000000786600000)
  from space 8192K, 0% used [0x0000000786600000,0x0000000786600000,0x0000000786e00000)
  to   space 8192K, 0% used [0x000000078ce00000,0x000000078ce00000,0x000000078d600000)
 ParOldGen       total 73728K, used 6497K [0x0000000701200000, 0x0000000705a00000, 0x0000000780600000)
  object space 73728K, 8% used [0x0000000701200000,0x00000007018586c8,0x0000000705a00000)
 Metaspace       used 20664K, capacity 21078K, committed 21248K, reserved 1067008K
  class space    used 2925K, capacity 3053K, committed 3072K, reserved 1048576K
}
Event: 2.023 GC heap before
{Heap before GC invocations=5 (full 1):
 PSYoungGen      total 106496K, used 25755K [0x0000000780600000, 0x000000078d600000, 0x00000007c0000000)
  eden space 98304K, 26% used [0x0000000780600000,0x0000000781f26e50,0x0000000786600000)
  from space 8192K, 0% used [0x0000000786600000,0x0000000786600000,0x0000000786e00000)
  to   space 8192K, 0% used [0x000000078ce00000,0x000000078ce00000,0x000000078d600000)
 ParOldGen       total 73728K, used 6497K [0x0000000701200000, 0x0000000705a00000, 0x0000000780600000)
  object space 73728K, 8% used [0x0000000701200000,0x00000007018586c8,0x0000000705a00000)
 Metaspace       used 23620K, capacity 24130K, committed 24576K, reserved 1071104K
  class space    used 3399K, capacity 3527K, committed 3584K, reserved 1048576K
Event: 2.026 GC heap after
Heap after GC invocations=5 (full 1):
 PSYoungGen      total 169984K, used 2836K [0x0000000780600000, 0x000000078d100000, 0x00000007c0000000)
  eden space 166912K, 0% used [0x0000000780600000,0x0000000780600000,0x000000078a900000)
  from space 3072K, 92% used [0x000000078ce00000,0x000000078d0c52c8,0x000000078d100000)
  to   space 8192K, 0% used [0x000000078c100000,0x000000078c100000,0x000000078c900000)
 ParOldGen       total 73728K, used 6497K [0x0000000701200000, 0x0000000705a00000, 0x0000000780600000)
  object space 73728K, 8% used [0x0000000701200000,0x00000007018586c8,0x0000000705a00000)
 Metaspace       used 23620K, capacity 24130K, committed 24576K, reserved 1071104K
  class space    used 3399K, capacity 3527K, committed 3584K, reserved 1048576K
}
Event: 2.026 GC heap before
{Heap before GC invocations=6 (full 2):
 PSYoungGen      total 169984K, used 2836K [0x0000000780600000, 0x000000078d100000, 0x00000007c0000000)
  eden space 166912K, 0% used [0x0000000780600000,0x0000000780600000,0x000000078a900000)
  from space 3072K, 92% used [0x000000078ce00000,0x000000078d0c52c8,0x000000078d100000)
  to   space 8192K, 0% used [0x000000078c100000,0x000000078c100000,0x000000078c900000)
 ParOldGen       total 73728K, used 6497K [0x0000000701200000, 0x0000000705a00000, 0x0000000780600000)
  object space 73728K, 8% used [0x0000000701200000,0x00000007018586c8,0x0000000705a00000)
 Metaspace       used 23620K, capacity 24130K, committed 24576K, reserved 1071104K
  class space    used 3399K, capacity 3527K, committed 3584K, reserved 1048576K
Event: 2.067 GC heap after
Heap after GC invocations=6 (full 2):
 PSYoungGen      total 169984K, used 0K [0x0000000780600000, 0x000000078d100000, 0x00000007c0000000)
  eden space 166912K, 0% used [0x0000000780600000,0x0000000780600000,0x000000078a900000)
  from space 3072K, 0% used [0x000000078ce00000,0x000000078ce00000,0x000000078d100000)
  to   space 8192K, 0% used [0x000000078c100000,0x000000078c100000,0x000000078c900000)
 ParOldGen       total 73728K, used 7668K [0x0000000701200000, 0x0000000705a00000, 0x0000000780600000)
  object space 73728K, 10% used [0x0000000701200000,0x000000070197d078,0x0000000705a00000)
 Metaspace       used 23620K, capacity 24130K, committed 24576K, reserved 1071104K
  class space    used 3399K, capacity 3527K, committed 3584K, reserved 1048576K
}

