# JRE version: Java(TM) SE Runtime Environment (8.0_202-b08) (build 1.8.0_202-b08)
# Java VM: Java HotSpot(TM) 64-Bit Server VM (25.202-b08 mixed mode windows-amd64 compressed oops)
Heap:
 PSYoungGen      total 1004032K, used 859563K [0x0000000780600000, 0x00000007c0000000, 0x00000007c0000000)
  eden space 969728K, 88% used [0x0000000780600000,0x00000007b4d6ad60,0x00000007bb900000)
  from space 34304K, 0% used [0x00000007bb900000,0x00000007bb900000,0x00000007bda80000)
  to   space 36864K, 0% used [0x00000007bdc00000,0x00000007bdc00000,0x00000007c0000000)
 ParOldGen       total 296448K, used 296428K [0x0000000701200000, 0x0000000713380000, 0x0000000780600000)
  object space 296448K, 99% used [0x0000000701200000,0x000000071337b270,0x0000000713380000)
 Metaspace       used 40531K, capacity 41840K, committed 41984K, reserved 1085440K
  class space    used 5355K, capacity 5606K, committed 5632K, reserved 1048576K
GC Heap History (10 events):
Event: 79.755 GC heap before
{Heap before GC invocations=97 (full 14):
 PSYoungGen      total 1004032K, used 969728K [0x0000000780600000, 0x00000007c0000000, 0x00000007c0000000)
  eden space 969728K, 100% used [0x0000000780600000,0x00000007bb900000,0x00000007bb900000)
  from space 34304K, 0% used [0x00000007bb900000,0x00000007bb900000,0x00000007bda80000)
  to   space 36864K, 0% used [0x00000007bdc00000,0x00000007bdc00000,0x00000007c0000000)
 ParOldGen       total 296448K, used 296069K [0x0000000701200000, 0x0000000713380000, 0x0000000780600000)
  object space 296448K, 99% used [0x0000000701200000,0x00000007133214b8,0x0000000713380000)
 Metaspace       used 40526K, capacity 41840K, committed 41984K, reserved 1085440K
  class space    used 5355K, capacity 5606K, committed 5632K, reserved 1048576K
Event: 80.218 GC heap after
Heap after GC invocations=97 (full 14):
 PSYoungGen      total 1004032K, used 63740K [0x0000000780600000, 0x00000007c0000000, 0x00000007c0000000)
  eden space 969728K, 6% used [0x0000000780600000,0x000000078443f328,0x00000007bb900000)
  from space 34304K, 0% used [0x00000007bb900000,0x00000007bb900000,0x00000007bda80000)
  to   space 36864K, 0% used [0x00000007bdc00000,0x00000007bdc00000,0x00000007c0000000)
 ParOldGen       total 296448K, used 296431K [0x0000000701200000, 0x0000000713380000, 0x0000000780600000)
  object space 296448K, 99% used [0x0000000701200000,0x000000071337bfb0,0x0000000713380000)
 Metaspace       used 40526K, capacity 41840K, committed 41984K, reserved 1085440K
  class space    used 5355K, capacity 5606K, committed 5632K, reserved 1048576K
}
Event: 81.048 GC heap before
{Heap before GC invocations=98 (full 15):
 PSYoungGen      total 1004032K, used 969728K [0x0000000780600000, 0x00000007c0000000, 0x00000007c0000000)
  eden space 969728K, 100% used [0x0000000780600000,0x00000007bb900000,0x00000007bb900000)
  from space 34304K, 0% used [0x00000007bb900000,0x00000007bb900000,0x00000007bda80000)
  to   space 36864K, 0% used [0x00000007bdc00000,0x00000007bdc00000,0x00000007c0000000)
 ParOldGen       total 296448K, used 296431K [0x0000000701200000, 0x0000000713380000, 0x0000000780600000)
  object space 296448K, 99% used [0x0000000701200000,0x000000071337bfb0,0x0000000713380000)
 Metaspace       used 40531K, capacity 41840K, committed 41984K, reserved 1085440K
  class space    used 5355K, capacity 5606K, committed 5632K, reserved 1048576K
Event: 81.480 GC heap after
Heap after GC invocations=98 (full 15):
 PSYoungGen      total 1004032K, used 73908K [0x0000000780600000, 0x00000007c0000000, 0x00000007c0000000)
  eden space 969728K, 7% used [0x0000000780600000,0x0000000784e2d068,0x00000007bb900000)
  from space 34304K, 0% used [0x00000007bb900000,0x00000007bb900000,0x00000007bda80000)
  to   space 36864K, 0% used [0x00000007bdc00000,0x00000007bdc00000,0x00000007c0000000)
 ParOldGen       total 296448K, used 296429K [0x0000000701200000, 0x0000000713380000, 0x0000000780600000)
  object space 296448K, 99% used [0x0000000701200000,0x000000071337b620,0x0000000713380000)
 Metaspace       used 40531K, capacity 41840K, committed 41984K, reserved 1085440K
  class space    used 5355K, capacity 5606K, committed 5632K, reserved 1048576K
}
Event: 82.457 GC heap before
{Heap before GC invocations=99 (full 16):
 PSYoungGen      total 1004032K, used 969728K [0x0000000780600000, 0x00000007c0000000, 0x00000007c0000000)
  eden space 969728K, 100% used [0x0000000780600000,0x00000007bb900000,0x00000007bb900000)
  from space 34304K, 0% used [0x00000007bb900000,0x00000007bb900000,0x00000007bda80000)
  to   space 36864K, 0% used [0x00000007bdc00000,0x00000007bdc00000,0x00000007c0000000)
 ParOldGen       total 296448K, used 296429K [0x0000000701200000, 0x0000000713380000, 0x0000000780600000)
  object space 296448K, 99% used [0x0000000701200000,0x000000071337b620,0x0000000713380000)
 Metaspace       used 40531K, capacity 41840K, committed 41984K, reserved 1085440K
  class space    used 5355K, capacity 5606K, committed 5632K, reserved 1048576K
Event: 82.937 GC heap after
Heap after GC invocations=99 (full 16):
 PSYoungGen      total 1004032K, used 85194K [0x0000000780600000, 0x00000007c0000000, 0x00000007c0000000)
  eden space 969728K, 8% used [0x0000000780600000,0x0000000785932890,0x00000007bb900000)
  from space 34304K, 0% used [0x00000007bb900000,0x00000007bb900000,0x00000007bda80000)
  to   space 36864K, 0% used [0x00000007bdc00000,0x00000007bdc00000,0x00000007c0000000)
 ParOldGen       total 296448K, used 296428K [0x0000000701200000, 0x0000000713380000, 0x0000000780600000)
  object space 296448K, 99% used [0x0000000701200000,0x000000071337b3c0,0x0000000713380000)
 Metaspace       used 40531K, capacity 41840K, committed 41984K, reserved 1085440K
  class space    used 5355K, capacity 5606K, committed 5632K, reserved 1048576K
}
Event: 83.745 GC heap before
{Heap before GC invocations=100 (full 17):
 PSYoungGen      total 1004032K, used 969728K [0x0000000780600000, 0x00000007c0000000, 0x00000007c0000000)
  eden space 969728K, 100% used [0x0000000780600000,0x00000007bb900000,0x00000007bb900000)
  from space 34304K, 0% used [0x00000007bb900000,0x00000007bb900000,0x00000007bda80000)
  to   space 36864K, 0% used [0x00000007bdc00000,0x00000007bdc00000,0x00000007c0000000)
 ParOldGen       total 296448K, used 296428K [0x0000000701200000, 0x0000000713380000, 0x0000000780600000)
  object space 296448K, 99% used [0x0000000701200000,0x000000071337b3c0,0x0000000713380000)
 Metaspace       used 40531K, capacity 41840K, committed 41984K, reserved 1085440K
  class space    used 5355K, capacity 5606K, committed 5632K, reserved 1048576K
Event: 84.192 GC heap after
Heap after GC invocations=100 (full 17):
 PSYoungGen      total 1004032K, used 95305K [0x0000000780600000, 0x00000007c0000000, 0x00000007c0000000)
  eden space 969728K, 9% used [0x0000000780600000,0x0000000786312550,0x00000007bb900000)
  from space 34304K, 0% used [0x00000007bb900000,0x00000007bb900000,0x00000007bda80000)
  to   space 36864K, 0% used [0x00000007bdc00000,0x00000007bdc00000,0x00000007c0000000)
 ParOldGen       total 296448K, used 296428K [0x0000000701200000, 0x0000000713380000, 0x0000000780600000)
  object space 296448K, 99% used [0x0000000701200000,0x000000071337b2a8,0x0000000713380000)
 Metaspace       used 40531K, capacity 41840K, committed 41984K, reserved 1085440K
  class space    used 5355K, capacity 5606K, committed 5632K, reserved 1048576K
}
Event: 85.044 GC heap before
{Heap before GC invocations=101 (full 18):
 PSYoungGen      total 1004032K, used 969728K [0x0000000780600000, 0x00000007c0000000, 0x00000007c0000000)
  eden space 969728K, 100% used [0x0000000780600000,0x00000007bb900000,0x00000007bb900000)
  from space 34304K, 0% used [0x00000007bb900000,0x00000007bb900000,0x00000007bda80000)
  to   space 36864K, 0% used [0x00000007bdc00000,0x00000007bdc00000,0x00000007c0000000)
 ParOldGen       total 296448K, used 296428K [0x0000000701200000, 0x0000000713380000, 0x0000000780600000)
  object space 296448K, 99% used [0x0000000701200000,0x000000071337b2a8,0x0000000713380000)
 Metaspace       used 40531K, capacity 41840K, committed 41984K, reserved 1085440K
  class space    used 5355K, capacity 5606K, committed 5632K, reserved 1048576K
Event: 85.475 GC heap after
Heap after GC invocations=101 (full 18):
 PSYoungGen      total 1004032K, used 100971K [0x0000000780600000, 0x00000007c0000000, 0x00000007c0000000)
  eden space 969728K, 10% used [0x0000000780600000,0x000000078689ad68,0x00000007bb900000)
  from space 34304K, 0% used [0x00000007bb900000,0x00000007bb900000,0x00000007bda80000)
  to   space 36864K, 0% used [0x00000007bdc00000,0x00000007bdc00000,0x00000007c0000000)
 ParOldGen       total 296448K, used 296428K [0x0000000701200000, 0x0000000713380000, 0x0000000780600000)
  object space 296448K, 99% used [0x0000000701200000,0x000000071337b270,0x0000000713380000)
 Metaspace       used 40531K, capacity 41840K, committed 41984K, reserved 1085440K
  class space    used 5355K, capacity 5606K, committed 5632K, reserved 1048576K
}

