# JRE version: Java(TM) SE Runtime Environment (8.0_202-b08) (build 1.8.0_202-b08)
# Java VM: Java HotSpot(TM) 64-Bit Server VM (25.202-b08 mixed mode windows-amd64 compressed oops)
Heap:
 PSYoungGen      total 1003520K, used 536539K [0x0000000780600000, 0x00000007bfe80000, 0x00000007c0000000)
  eden space 965632K, 52% used [0x0000000780600000,0x000000079f86f6e8,0x00000007bb500000)
  from space 37888K, 68% used [0x00000007bb500000,0x00000007bce877a8,0x00000007bda00000)
  to   space 36864K, 0% used [0x00000007bda80000,0x00000007bda80000,0x00000007bfe80000)
 ParOldGen       total 116736K, used 97554K [0x0000000701200000, 0x0000000708400000, 0x0000000780600000)
  object space 116736K, 83% used [0x0000000701200000,0x0000000707144838,0x0000000708400000)
 Metaspace       used 40342K, capacity 41648K, committed 41728K, reserved 1085440K
  class space    used 5339K, capacity 5606K, committed 5632K, reserved 1048576K
GC Heap History (10 events):
Event: 23.002 GC heap before
{Heap before GC invocations=26 (full 3):
 PSYoungGen      total 999936K, used 985216K [0x0000000780600000, 0x00000007bfc80000, 0x00000007c0000000)
  eden space 960512K, 100% used [0x0000000780600000,0x00000007bb000000,0x00000007bb000000)
  from space 39424K, 62% used [0x00000007bd600000,0x00000007bee20000,0x00000007bfc80000)
  to   space 38912K, 0% used [0x00000007bb000000,0x00000007bb000000,0x00000007bd600000)
 ParOldGen       total 116736K, used 76703K [0x0000000701200000, 0x0000000708400000, 0x0000000780600000)
  object space 116736K, 65% used [0x0000000701200000,0x0000000705ce7eb0,0x0000000708400000)
 Metaspace       used 40220K, capacity 41446K, committed 41728K, reserved 1085440K
  class space    used 5319K, capacity 5563K, committed 5632K, reserved 1048576K
Event: 23.038 GC heap after
Heap after GC invocations=26 (full 3):
 PSYoungGen      total 999424K, used 28160K [0x0000000780600000, 0x00000007c0000000, 0x00000007c0000000)
  eden space 960512K, 0% used [0x0000000780600000,0x0000000780600000,0x00000007bb000000)
  from space 38912K, 72% used [0x00000007bb000000,0x00000007bcb80000,0x00000007bd600000)
  to   space 39424K, 0% used [0x00000007bd980000,0x00000007bd980000,0x00000007c0000000)
 ParOldGen       total 116736K, used 80219K [0x0000000701200000, 0x0000000708400000, 0x0000000780600000)
  object space 116736K, 68% used [0x0000000701200000,0x0000000706056dc8,0x0000000708400000)
 Metaspace       used 40220K, capacity 41446K, committed 41728K, reserved 1085440K
  class space    used 5319K, capacity 5563K, committed 5632K, reserved 1048576K
}
Event: 24.008 GC heap before
{Heap before GC invocations=27 (full 3):
 PSYoungGen      total 999424K, used 988672K [0x0000000780600000, 0x00000007c0000000, 0x00000007c0000000)
  eden space 960512K, 100% used [0x0000000780600000,0x00000007bb000000,0x00000007bb000000)
  from space 38912K, 72% used [0x00000007bb000000,0x00000007bcb80000,0x00000007bd600000)
  to   space 39424K, 0% used [0x00000007bd980000,0x00000007bd980000,0x00000007c0000000)
 ParOldGen       total 116736K, used 80219K [0x0000000701200000, 0x0000000708400000, 0x0000000780600000)
  object space 116736K, 68% used [0x0000000701200000,0x0000000706056dc8,0x0000000708400000)
 Metaspace       used 40230K, capacity 41542K, committed 41728K, reserved 1085440K
  class space    used 5320K, capacity 5595K, committed 5632K, reserved 1048576K
Event: 24.040 GC heap after
Heap after GC invocations=27 (full 3):
 PSYoungGen      total 1001984K, used 25056K [0x0000000780600000, 0x00000007bfe80000, 0x00000007c0000000)
  eden space 964096K, 0% used [0x0000000780600000,0x0000000780600000,0x00000007bb380000)
  from space 37888K, 66% used [0x00000007bd980000,0x00000007bf1f8000,0x00000007bfe80000)
  to   space 38400K, 0% used [0x00000007bb380000,0x00000007bb380000,0x00000007bd900000)
 ParOldGen       total 116736K, used 84242K [0x0000000701200000, 0x0000000708400000, 0x0000000780600000)
  object space 116736K, 72% used [0x0000000701200000,0x00000007064448f8,0x0000000708400000)
 Metaspace       used 40230K, capacity 41542K, committed 41728K, reserved 1085440K
  class space    used 5320K, capacity 5595K, committed 5632K, reserved 1048576K
}
Event: 24.860 GC heap before
{Heap before GC invocations=28 (full 3):
 PSYoungGen      total 1001984K, used 989152K [0x0000000780600000, 0x00000007bfe80000, 0x00000007c0000000)
  eden space 964096K, 100% used [0x0000000780600000,0x00000007bb380000,0x00000007bb380000)
  from space 37888K, 66% used [0x00000007bd980000,0x00000007bf1f8000,0x00000007bfe80000)
  to   space 38400K, 0% used [0x00000007bb380000,0x00000007bb380000,0x00000007bd900000)
 ParOldGen       total 116736K, used 84242K [0x0000000701200000, 0x0000000708400000, 0x0000000780600000)
  object space 116736K, 72% used [0x0000000701200000,0x00000007064448f8,0x0000000708400000)
 Metaspace       used 40242K, capacity 41542K, committed 41728K, reserved 1085440K
  class space    used 5320K, capacity 5595K, committed 5632K, reserved 1048576K
Event: 24.891 GC heap after
Heap after GC invocations=28 (full 3):
 PSYoungGen      total 1002496K, used 26944K [0x0000000780600000, 0x00000007c0000000, 0x00000007c0000000)
  eden space 964096K, 0% used [0x0000000780600000,0x0000000780600000,0x00000007bb380000)
  from space 38400K, 70% used [0x00000007bb380000,0x00000007bcdd0000,0x00000007bd900000)
  to   space 38400K, 0% used [0x00000007bda80000,0x00000007bda80000,0x00000007c0000000)
 ParOldGen       total 116736K, used 88865K [0x0000000701200000, 0x0000000708400000, 0x0000000780600000)
  object space 116736K, 76% used [0x0000000701200000,0x00000007068c87a8,0x0000000708400000)
 Metaspace       used 40242K, capacity 41542K, committed 41728K, reserved 1085440K
  class space    used 5320K, capacity 5595K, committed 5632K, reserved 1048576K
}
Event: 25.762 GC heap before
{Heap before GC invocations=29 (full 3):
 PSYoungGen      total 1002496K, used 991040K [0x0000000780600000, 0x00000007c0000000, 0x00000007c0000000)
  eden space 964096K, 100% used [0x0000000780600000,0x00000007bb380000,0x00000007bb380000)
  from space 38400K, 70% used [0x00000007bb380000,0x00000007bcdd0000,0x00000007bd900000)
  to   space 38400K, 0% used [0x00000007bda80000,0x00000007bda80000,0x00000007c0000000)
 ParOldGen       total 116736K, used 88865K [0x0000000701200000, 0x0000000708400000, 0x0000000780600000)
  object space 116736K, 76% used [0x0000000701200000,0x00000007068c87a8,0x0000000708400000)
 Metaspace       used 40247K, capacity 41542K, committed 41728K, reserved 1085440K
  class space    used 5322K, capacity 5595K, committed 5632K, reserved 1048576K
Event: 25.799 GC heap after
Heap after GC invocations=29 (full 3):
 PSYoungGen      total 1003008K, used 26304K [0x0000000780600000, 0x00000007bff00000, 0x00000007c0000000)
  eden space 965632K, 0% used [0x0000000780600000,0x0000000780600000,0x00000007bb500000)
  from space 37376K, 70% used [0x00000007bda80000,0x00000007bf430000,0x00000007bff00000)
  to   space 37888K, 0% used [0x00000007bb500000,0x00000007bb500000,0x00000007bda00000)
 ParOldGen       total 116736K, used 93266K [0x0000000701200000, 0x0000000708400000, 0x0000000780600000)
  object space 116736K, 79% used [0x0000000701200000,0x0000000706d14ab8,0x0000000708400000)
 Metaspace       used 40247K, capacity 41542K, committed 41728K, reserved 1085440K
  class space    used 5322K, capacity 5595K, committed 5632K, reserved 1048576K
}
Event: 26.823 GC heap before
{Heap before GC invocations=30 (full 3):
 PSYoungGen      total 1003008K, used 991936K [0x0000000780600000, 0x00000007bff00000, 0x00000007c0000000)
  eden space 965632K, 100% used [0x0000000780600000,0x00000007bb500000,0x00000007bb500000)
  from space 37376K, 70% used [0x00000007bda80000,0x00000007bf430000,0x00000007bff00000)
  to   space 37888K, 0% used [0x00000007bb500000,0x00000007bb500000,0x00000007bda00000)
 ParOldGen       total 116736K, used 93266K [0x0000000701200000, 0x0000000708400000, 0x0000000780600000)
  object space 116736K, 79% used [0x0000000701200000,0x0000000706d14ab8,0x0000000708400000)
 Metaspace       used 40330K, capacity 41630K, committed 41728K, reserved 1085440K
  class space    used 5337K, capacity 5603K, committed 5632K, reserved 1048576K
Event: 26.865 GC heap after
Heap after GC invocations=30 (full 3):
 PSYoungGen      total 1003520K, used 26141K [0x0000000780600000, 0x00000007bfe80000, 0x00000007c0000000)
  eden space 965632K, 0% used [0x0000000780600000,0x0000000780600000,0x00000007bb500000)
  from space 37888K, 68% used [0x00000007bb500000,0x00000007bce877a8,0x00000007bda00000)
  to   space 36864K, 0% used [0x00000007bda80000,0x00000007bda80000,0x00000007bfe80000)
 ParOldGen       total 116736K, used 97554K [0x0000000701200000, 0x0000000708400000, 0x0000000780600000)
  object space 116736K, 83% used [0x0000000701200000,0x0000000707144838,0x0000000708400000)
 Metaspace       used 40330K, capacity 41630K, committed 41728K, reserved 1085440K
  class space    used 5337K, capacity 5603K, committed 5632K, reserved 1048576K
}

