# JRE version: Java(TM) SE Runtime Environment (8.0_202-b08) (build 1.8.0_202-b08)
# Java VM: Java HotSpot(TM) 64-Bit Server VM (25.202-b08 mixed mode windows-amd64 compressed oops)
Heap:
 PSYoungGen      total 57344K, used 1840K [0x0000000780600000, 0x0000000785f80000, 0x00000007c0000000)
  eden space 49152K, 3% used [0x0000000780600000,0x00000007807cc3a8,0x0000000783600000)
  from space 8192K, 0% used [0x0000000783e00000,0x0000000783e00000,0x0000000784600000)
  to   space 8192K, 0% used [0x0000000783600000,0x0000000783600000,0x0000000783e00000)
 ParOldGen       total 81920K, used 7689K [0x0000000701200000, 0x0000000706200000, 0x0000000780600000)
  object space 81920K, 9% used [0x0000000701200000,0x0000000701982538,0x0000000706200000)
 Metaspace       used 23756K, capacity 24290K, committed 24576K, reserved 1071104K
  class space    used 3414K, capacity 3559K, committed 3584K, reserved 1048576K
GC Heap History (10 events):
Event: 1.649 GC heap before
{Heap before GC invocations=2 (full 0):
 PSYoungGen      total 57344K, used 57322K [0x0000000780600000, 0x0000000784600000, 0x00000007c0000000)
  eden space 49152K, 100% used [0x0000000780600000,0x0000000783600000,0x0000000783600000)
  from space 8192K, 99% used [0x0000000783600000,0x0000000783dfaa20,0x0000000783e00000)
  to   space 8192K, 0% used [0x0000000783e00000,0x0000000783e00000,0x0000000784600000)
 ParOldGen       total 131072K, used 57K [0x0000000701200000, 0x0000000709200000, 0x0000000780600000)
  object space 131072K, 0% used [0x0000000701200000,0x000000070120e538,0x0000000709200000)
 Metaspace       used 19030K, capacity 19478K, committed 19712K, reserved 1067008K
  class space    used 2666K, capacity 2797K, committed 2816K, reserved 1048576K
Event: 1.656 GC heap after
Heap after GC invocations=2 (full 0):
 PSYoungGen      total 57344K, used 8188K [0x0000000780600000, 0x0000000784600000, 0x00000007c0000000)
  eden space 49152K, 0% used [0x0000000780600000,0x0000000780600000,0x0000000783600000)
  from space 8192K, 99% used [0x0000000783e00000,0x00000007845ff0c0,0x0000000784600000)
  to   space 8192K, 0% used [0x0000000783600000,0x0000000783600000,0x0000000783e00000)
 ParOldGen       total 131072K, used 1914K [0x0000000701200000, 0x0000000709200000, 0x0000000780600000)
  object space 131072K, 1% used [0x0000000701200000,0x00000007013de970,0x0000000709200000)
 Metaspace       used 19030K, capacity 19478K, committed 19712K, reserved 1067008K
  class space    used 2666K, capacity 2797K, committed 2816K, reserved 1048576K
}
Event: 1.788 GC heap before
{Heap before GC invocations=3 (full 0):
 PSYoungGen      total 57344K, used 23861K [0x0000000780600000, 0x0000000784600000, 0x00000007c0000000)
  eden space 49152K, 31% used [0x0000000780600000,0x000000078154e6f8,0x0000000783600000)
  from space 8192K, 99% used [0x0000000783e00000,0x00000007845ff0c0,0x0000000784600000)
  to   space 8192K, 0% used [0x0000000783600000,0x0000000783600000,0x0000000783e00000)
 ParOldGen       total 131072K, used 1914K [0x0000000701200000, 0x0000000709200000, 0x0000000780600000)
  object space 131072K, 1% used [0x0000000701200000,0x00000007013de970,0x0000000709200000)
 Metaspace       used 20640K, capacity 21078K, committed 21248K, reserved 1067008K
  class space    used 2925K, capacity 3053K, committed 3072K, reserved 1048576K
Event: 1.794 GC heap after
Heap after GC invocations=3 (full 0):
 PSYoungGen      total 57344K, used 6771K [0x0000000780600000, 0x0000000784600000, 0x00000007c0000000)
  eden space 49152K, 0% used [0x0000000780600000,0x0000000780600000,0x0000000783600000)
  from space 8192K, 82% used [0x0000000783600000,0x0000000783c9cfd0,0x0000000783e00000)
  to   space 8192K, 0% used [0x0000000783e00000,0x0000000783e00000,0x0000000784600000)
 ParOldGen       total 131072K, used 1922K [0x0000000701200000, 0x0000000709200000, 0x0000000780600000)
  object space 131072K, 1% used [0x0000000701200000,0x00000007013e0970,0x0000000709200000)
 Metaspace       used 20640K, capacity 21078K, committed 21248K, reserved 1067008K
  class space    used 2925K, capacity 3053K, committed 3072K, reserved 1048576K
}
Event: 1.794 GC heap before
{Heap before GC invocations=4 (full 1):
 PSYoungGen      total 57344K, used 6771K [0x0000000780600000, 0x0000000784600000, 0x00000007c0000000)
  eden space 49152K, 0% used [0x0000000780600000,0x0000000780600000,0x0000000783600000)
  from space 8192K, 82% used [0x0000000783600000,0x0000000783c9cfd0,0x0000000783e00000)
  to   space 8192K, 0% used [0x0000000783e00000,0x0000000783e00000,0x0000000784600000)
 ParOldGen       total 131072K, used 1922K [0x0000000701200000, 0x0000000709200000, 0x0000000780600000)
  object space 131072K, 1% used [0x0000000701200000,0x00000007013e0970,0x0000000709200000)
 Metaspace       used 20640K, capacity 21078K, committed 21248K, reserved 1067008K
  class space    used 2925K, capacity 3053K, committed 3072K, reserved 1048576K
Event: 1.824 GC heap after
Heap after GC invocations=4 (full 1):
 PSYoungGen      total 57344K, used 0K [0x0000000780600000, 0x0000000784600000, 0x00000007c0000000)
  eden space 49152K, 0% used [0x0000000780600000,0x0000000780600000,0x0000000783600000)
  from space 8192K, 0% used [0x0000000783600000,0x0000000783600000,0x0000000783e00000)
  to   space 8192K, 0% used [0x0000000783e00000,0x0000000783e00000,0x0000000784600000)
 ParOldGen       total 81920K, used 6601K [0x0000000701200000, 0x0000000706200000, 0x0000000780600000)
  object space 81920K, 8% used [0x0000000701200000,0x0000000701872708,0x0000000706200000)
 Metaspace       used 20640K, capacity 21078K, committed 21248K, reserved 1067008K
  class space    used 2925K, capacity 3053K, committed 3072K, reserved 1048576K
}
Event: 2.179 GC heap before
{Heap before GC invocations=5 (full 1):
 PSYoungGen      total 57344K, used 22362K [0x0000000780600000, 0x0000000784600000, 0x00000007c0000000)
  eden space 49152K, 45% used [0x0000000780600000,0x0000000781bd6ad0,0x0000000783600000)
  from space 8192K, 0% used [0x0000000783600000,0x0000000783600000,0x0000000783e00000)
  to   space 8192K, 0% used [0x0000000783e00000,0x0000000783e00000,0x0000000784600000)
 ParOldGen       total 81920K, used 6601K [0x0000000701200000, 0x0000000706200000, 0x0000000780600000)
  object space 81920K, 8% used [0x0000000701200000,0x0000000701872708,0x0000000706200000)
 Metaspace       used 23620K, capacity 24130K, committed 24576K, reserved 1071104K
  class space    used 3399K, capacity 3527K, committed 3584K, reserved 1048576K
Event: 2.184 GC heap after
Heap after GC invocations=5 (full 1):
 PSYoungGen      total 57344K, used 2748K [0x0000000780600000, 0x0000000785f80000, 0x00000007c0000000)
  eden space 49152K, 0% used [0x0000000780600000,0x0000000780600000,0x0000000783600000)
  from space 8192K, 33% used [0x0000000783e00000,0x00000007840af090,0x0000000784600000)
  to   space 8192K, 0% used [0x0000000783600000,0x0000000783600000,0x0000000783e00000)
 ParOldGen       total 81920K, used 6609K [0x0000000701200000, 0x0000000706200000, 0x0000000780600000)
  object space 81920K, 8% used [0x0000000701200000,0x0000000701874708,0x0000000706200000)
 Metaspace       used 23620K, capacity 24130K, committed 24576K, reserved 1071104K
  class space    used 3399K, capacity 3527K, committed 3584K, reserved 1048576K
}
Event: 2.184 GC heap before
{Heap before GC invocations=6 (full 2):
 PSYoungGen      total 57344K, used 2748K [0x0000000780600000, 0x0000000785f80000, 0x00000007c0000000)
  eden space 49152K, 0% used [0x0000000780600000,0x0000000780600000,0x0000000783600000)
  from space 8192K, 33% used [0x0000000783e00000,0x00000007840af090,0x0000000784600000)
  to   space 8192K, 0% used [0x0000000783600000,0x0000000783600000,0x0000000783e00000)
 ParOldGen       total 81920K, used 6609K [0x0000000701200000, 0x0000000706200000, 0x0000000780600000)
  object space 81920K, 8% used [0x0000000701200000,0x0000000701874708,0x0000000706200000)
 Metaspace       used 23620K, capacity 24130K, committed 24576K, reserved 1071104K
  class space    used 3399K, capacity 3527K, committed 3584K, reserved 1048576K
Event: 2.224 GC heap after
Heap after GC invocations=6 (full 2):
 PSYoungGen      total 57344K, used 0K [0x0000000780600000, 0x0000000785f80000, 0x00000007c0000000)
  eden space 49152K, 0% used [0x0000000780600000,0x0000000780600000,0x0000000783600000)
  from space 8192K, 0% used [0x0000000783e00000,0x0000000783e00000,0x0000000784600000)
  to   space 8192K, 0% used [0x0000000783600000,0x0000000783600000,0x0000000783e00000)
 ParOldGen       total 81920K, used 7689K [0x0000000701200000, 0x0000000706200000, 0x0000000780600000)
  object space 81920K, 9% used [0x0000000701200000,0x0000000701982538,0x0000000706200000)
 Metaspace       used 23620K, capacity 24130K, committed 24576K, reserved 1071104K
  class space    used 3399K, capacity 3527K, committed 3584K, reserved 1048576K
}

