# JRE version: Java(TM) SE Runtime Environment (8.0_202-b08) (build 1.8.0_202-b08)
# Java VM: Java HotSpot(TM) 64-Bit Server VM (25.202-b08 mixed mode windows-amd64 compressed oops)
Heap:
 PSYoungGen      total 458752K, used 133277K [0x00000000e0080000, 0x0000000100000000, 0x0000000100000000)
  eden space 393728K, 32% used [0x00000000e0080000,0x00000000e7b93ee8,0x00000000f8100000)
  from space 65024K, 11% used [0x00000000fc080000,0x00000000fc7936c8,0x0000000100000000)
  to   space 65024K, 0% used [0x00000000f8100000,0x00000000f8100000,0x00000000fc080000)
 ParOldGen       total 512K, used 489K [0x00000000e0000000, 0x00000000e0080000, 0x00000000e0080000)
  object space 512K, 95% used [0x00000000e0000000,0x00000000e007a4b8,0x00000000e0080000)
 Metaspace       used 28309K, capacity 28920K, committed 29312K, reserved 1075200K
  class space    used 3974K, capacity 4128K, committed 4224K, reserved 1048576K
GC Heap History (8 events):
Event: 2.790 GC heap before
{Heap before GC invocations=1 (full 0):
 PSYoungGen      total 458752K, used 189152K [0x00000000e0080000, 0x0000000100000000, 0x0000000100000000)
  eden space 393728K, 48% used [0x00000000e0080000,0x00000000eb9381b8,0x00000000f8100000)
  from space 65024K, 0% used [0x00000000fc080000,0x00000000fc080000,0x0000000100000000)
  to   space 65024K, 0% used [0x00000000f8100000,0x00000000f8100000,0x00000000fc080000)
 ParOldGen       total 512K, used 0K [0x00000000e0000000, 0x00000000e0080000, 0x00000000e0080000)
  object space 512K, 0% used [0x00000000e0000000,0x00000000e0000000,0x00000000e0080000)
 Metaspace       used 20632K, capacity 21078K, committed 21248K, reserved 1067008K
  class space    used 2924K, capacity 3053K, committed 3072K, reserved 1048576K
Event: 2.810 GC heap after
Heap after GC invocations=1 (full 0):
 PSYoungGen      total 458752K, used 16957K [0x00000000e0080000, 0x0000000100000000, 0x0000000100000000)
  eden space 393728K, 0% used [0x00000000e0080000,0x00000000e0080000,0x00000000f8100000)
  from space 65024K, 26% used [0x00000000f8100000,0x00000000f918f7d0,0x00000000fc080000)
  to   space 65024K, 0% used [0x00000000fc080000,0x00000000fc080000,0x0000000100000000)
 ParOldGen       total 512K, used 16K [0x00000000e0000000, 0x00000000e0080000, 0x00000000e0080000)
  object space 512K, 3% used [0x00000000e0000000,0x00000000e0004000,0x00000000e0080000)
 Metaspace       used 20632K, capacity 21078K, committed 21248K, reserved 1067008K
  class space    used 2924K, capacity 3053K, committed 3072K, reserved 1048576K
}
Event: 2.811 GC heap before
{Heap before GC invocations=2 (full 1):
 PSYoungGen      total 458752K, used 16957K [0x00000000e0080000, 0x0000000100000000, 0x0000000100000000)
  eden space 393728K, 0% used [0x00000000e0080000,0x00000000e0080000,0x00000000f8100000)
  from space 65024K, 26% used [0x00000000f8100000,0x00000000f918f7d0,0x00000000fc080000)
  to   space 65024K, 0% used [0x00000000fc080000,0x00000000fc080000,0x0000000100000000)
 ParOldGen       total 512K, used 16K [0x00000000e0000000, 0x00000000e0080000, 0x00000000e0080000)
  object space 512K, 3% used [0x00000000e0000000,0x00000000e0004000,0x00000000e0080000)
 Metaspace       used 20632K, capacity 21078K, committed 21248K, reserved 1067008K
  class space    used 2924K, capacity 3053K, committed 3072K, reserved 1048576K
Event: 2.919 GC heap after
Heap after GC invocations=2 (full 1):
 PSYoungGen      total 458752K, used 15635K [0x00000000e0080000, 0x0000000100000000, 0x0000000100000000)
  eden space 393728K, 0% used [0x00000000e0080000,0x00000000e0080000,0x00000000f8100000)
  from space 65024K, 24% used [0x00000000f8100000,0x00000000f9044e88,0x00000000fc080000)
  to   space 65024K, 0% used [0x00000000fc080000,0x00000000fc080000,0x0000000100000000)
 ParOldGen       total 512K, used 489K [0x00000000e0000000, 0x00000000e0080000, 0x00000000e0080000)
  object space 512K, 95% used [0x00000000e0000000,0x00000000e007a6a0,0x00000000e0080000)
 Metaspace       used 20632K, capacity 21078K, committed 21248K, reserved 1067008K
  class space    used 2924K, capacity 3053K, committed 3072K, reserved 1048576K
}
Event: 3.782 GC heap before
{Heap before GC invocations=3 (full 1):
 PSYoungGen      total 458752K, used 111352K [0x00000000e0080000, 0x0000000100000000, 0x0000000100000000)
  eden space 393728K, 24% used [0x00000000e0080000,0x00000000e5df9458,0x00000000f8100000)
  from space 65024K, 24% used [0x00000000f8100000,0x00000000f9044e88,0x00000000fc080000)
  to   space 65024K, 0% used [0x00000000fc080000,0x00000000fc080000,0x0000000100000000)
 ParOldGen       total 512K, used 489K [0x00000000e0000000, 0x00000000e0080000, 0x00000000e0080000)
  object space 512K, 95% used [0x00000000e0000000,0x00000000e007a6a0,0x00000000e0080000)
 Metaspace       used 23631K, capacity 24130K, committed 24576K, reserved 1071104K
  class space    used 3401K, capacity 3527K, committed 3584K, reserved 1048576K
Event: 3.789 GC heap after
Heap after GC invocations=3 (full 1):
 PSYoungGen      total 458752K, used 7540K [0x00000000e0080000, 0x0000000100000000, 0x0000000100000000)
  eden space 393728K, 0% used [0x00000000e0080000,0x00000000e0080000,0x00000000f8100000)
  from space 65024K, 11% used [0x00000000fc080000,0x00000000fc7dd178,0x0000000100000000)
  to   space 65024K, 0% used [0x00000000f8100000,0x00000000f8100000,0x00000000fc080000)
 ParOldGen       total 512K, used 497K [0x00000000e0000000, 0x00000000e0080000, 0x00000000e0080000)
  object space 512K, 97% used [0x00000000e0000000,0x00000000e007c6a0,0x00000000e0080000)
 Metaspace       used 23631K, capacity 24130K, committed 24576K, reserved 1071104K
  class space    used 3401K, capacity 3527K, committed 3584K, reserved 1048576K
}
Event: 3.789 GC heap before
{Heap before GC invocations=4 (full 2):
 PSYoungGen      total 458752K, used 7540K [0x00000000e0080000, 0x0000000100000000, 0x0000000100000000)
  eden space 393728K, 0% used [0x00000000e0080000,0x00000000e0080000,0x00000000f8100000)
  from space 65024K, 11% used [0x00000000fc080000,0x00000000fc7dd178,0x0000000100000000)
  to   space 65024K, 0% used [0x00000000f8100000,0x00000000f8100000,0x00000000fc080000)
 ParOldGen       total 512K, used 497K [0x00000000e0000000, 0x00000000e0080000, 0x00000000e0080000)
  object space 512K, 97% used [0x00000000e0000000,0x00000000e007c6a0,0x00000000e0080000)
 Metaspace       used 23631K, capacity 24130K, committed 24576K, reserved 1071104K
  class space    used 3401K, capacity 3527K, committed 3584K, reserved 1048576K
Event: 3.833 GC heap after
Heap after GC invocations=4 (full 2):
 PSYoungGen      total 458752K, used 7245K [0x00000000e0080000, 0x0000000100000000, 0x0000000100000000)
  eden space 393728K, 0% used [0x00000000e0080000,0x00000000e0080000,0x00000000f8100000)
  from space 65024K, 11% used [0x00000000fc080000,0x00000000fc7936c8,0x0000000100000000)
  to   space 65024K, 0% used [0x00000000f8100000,0x00000000f8100000,0x00000000fc080000)
 ParOldGen       total 512K, used 489K [0x00000000e0000000, 0x00000000e0080000, 0x00000000e0080000)
  object space 512K, 95% used [0x00000000e0000000,0x00000000e007a4b8,0x00000000e0080000)
 Metaspace       used 23631K, capacity 24130K, committed 24576K, reserved 1071104K
  class space    used 3401K, capacity 3527K, committed 3584K, reserved 1048576K
}

