# JRE version: Java(TM) SE Runtime Environment (8.0_202-b08) (build 1.8.0_202-b08)
# Java VM: Java HotSpot(TM) 64-Bit Server VM (25.202-b08 mixed mode windows-amd64 compressed oops)
Heap:
 PSYoungGen      total 92160K, used 5931K [0x0000000780600000, 0x0000000787100000, 0x00000007c0000000)
  eden space 89088K, 6% used [0x0000000780600000,0x0000000780bcadb8,0x0000000785d00000)
  from space 3072K, 0% used [0x0000000786e00000,0x0000000786e00000,0x0000000787100000)
  to   space 8192K, 0% used [0x0000000786100000,0x0000000786100000,0x0000000786900000)
 ParOldGen       total 67072K, used 7400K [0x0000000701200000, 0x0000000705380000, 0x0000000780600000)
  object space 67072K, 11% used [0x0000000701200000,0x000000070193a1e8,0x0000000705380000)
 Metaspace       used 23592K, capacity 24068K, committed 24320K, reserved 1071104K
  class space    used 3381K, capacity 3506K, committed 3584K, reserved 1048576K
GC Heap History (10 events):
Event: 10.513 GC heap before
{Heap before GC invocations=2 (full 0):
 PSYoungGen      total 57344K, used 57334K [0x0000000780600000, 0x0000000784600000, 0x00000007c0000000)
  eden space 49152K, 100% used [0x0000000780600000,0x0000000783600000,0x0000000783600000)
  from space 8192K, 99% used [0x0000000783600000,0x0000000783dfdb58,0x0000000783e00000)
  to   space 8192K, 0% used [0x0000000783e00000,0x0000000783e00000,0x0000000784600000)
 ParOldGen       total 131072K, used 8K [0x0000000701200000, 0x0000000709200000, 0x0000000780600000)
  object space 131072K, 0% used [0x0000000701200000,0x0000000701202000,0x0000000709200000)
 Metaspace       used 19237K, capacity 19704K, committed 19968K, reserved 1067008K
  class space    used 2685K, capacity 2808K, committed 2816K, reserved 1048576K
Event: 10.524 GC heap after
Heap after GC invocations=2 (full 0):
 PSYoungGen      total 57344K, used 8182K [0x0000000780600000, 0x0000000784600000, 0x00000007c0000000)
  eden space 49152K, 0% used [0x0000000780600000,0x0000000780600000,0x0000000783600000)
  from space 8192K, 99% used [0x0000000783e00000,0x00000007845fdae8,0x0000000784600000)
  to   space 8192K, 0% used [0x0000000783600000,0x0000000783600000,0x0000000783e00000)
 ParOldGen       total 131072K, used 1770K [0x0000000701200000, 0x0000000709200000, 0x0000000780600000)
  object space 131072K, 1% used [0x0000000701200000,0x00000007013ba8a0,0x0000000709200000)
 Metaspace       used 19237K, capacity 19704K, committed 19968K, reserved 1067008K
  class space    used 2685K, capacity 2808K, committed 2816K, reserved 1048576K
}
Event: 10.687 GC heap before
{Heap before GC invocations=3 (full 0):
 PSYoungGen      total 57344K, used 22477K [0x0000000780600000, 0x0000000784600000, 0x00000007c0000000)
  eden space 49152K, 29% used [0x0000000780600000,0x00000007813f5b18,0x0000000783600000)
  from space 8192K, 99% used [0x0000000783e00000,0x00000007845fdae8,0x0000000784600000)
  to   space 8192K, 0% used [0x0000000783600000,0x0000000783600000,0x0000000783e00000)
 ParOldGen       total 131072K, used 1770K [0x0000000701200000, 0x0000000709200000, 0x0000000780600000)
  object space 131072K, 1% used [0x0000000701200000,0x00000007013ba8a0,0x0000000709200000)
 Metaspace       used 20800K, capacity 21144K, committed 21248K, reserved 1067008K
  class space    used 2937K, capacity 3032K, committed 3072K, reserved 1048576K
Event: 10.691 GC heap after
Heap after GC invocations=3 (full 0):
 PSYoungGen      total 57344K, used 6239K [0x0000000780600000, 0x0000000787600000, 0x00000007c0000000)
  eden space 49152K, 0% used [0x0000000780600000,0x0000000780600000,0x0000000783600000)
  from space 8192K, 76% used [0x0000000783600000,0x0000000783c17f48,0x0000000783e00000)
  to   space 8192K, 0% used [0x0000000786e00000,0x0000000786e00000,0x0000000787600000)
 ParOldGen       total 131072K, used 1778K [0x0000000701200000, 0x0000000709200000, 0x0000000780600000)
  object space 131072K, 1% used [0x0000000701200000,0x00000007013bc8a0,0x0000000709200000)
 Metaspace       used 20800K, capacity 21144K, committed 21248K, reserved 1067008K
  class space    used 2937K, capacity 3032K, committed 3072K, reserved 1048576K
}
Event: 10.691 GC heap before
{Heap before GC invocations=4 (full 1):
 PSYoungGen      total 57344K, used 6239K [0x0000000780600000, 0x0000000787600000, 0x00000007c0000000)
  eden space 49152K, 0% used [0x0000000780600000,0x0000000780600000,0x0000000783600000)
  from space 8192K, 76% used [0x0000000783600000,0x0000000783c17f48,0x0000000783e00000)
  to   space 8192K, 0% used [0x0000000786e00000,0x0000000786e00000,0x0000000787600000)
 ParOldGen       total 131072K, used 1778K [0x0000000701200000, 0x0000000709200000, 0x0000000780600000)
  object space 131072K, 1% used [0x0000000701200000,0x00000007013bc8a0,0x0000000709200000)
 Metaspace       used 20800K, capacity 21144K, committed 21248K, reserved 1067008K
  class space    used 2937K, capacity 3032K, committed 3072K, reserved 1048576K
Event: 10.723 GC heap after
Heap after GC invocations=4 (full 1):
 PSYoungGen      total 57344K, used 0K [0x0000000780600000, 0x0000000787600000, 0x00000007c0000000)
  eden space 49152K, 0% used [0x0000000780600000,0x0000000780600000,0x0000000783600000)
  from space 8192K, 0% used [0x0000000783600000,0x0000000783600000,0x0000000783e00000)
  to   space 8192K, 0% used [0x0000000786e00000,0x0000000786e00000,0x0000000787600000)
 ParOldGen       total 67072K, used 6075K [0x0000000701200000, 0x0000000705380000, 0x0000000780600000)
  object space 67072K, 9% used [0x0000000701200000,0x00000007017eedc0,0x0000000705380000)
 Metaspace       used 20800K, capacity 21144K, committed 21248K, reserved 1067008K
  class space    used 2937K, capacity 3032K, committed 3072K, reserved 1048576K
}
Event: 11.128 GC heap before
{Heap before GC invocations=5 (full 1):
 PSYoungGen      total 57344K, used 21463K [0x0000000780600000, 0x0000000787600000, 0x00000007c0000000)
  eden space 49152K, 43% used [0x0000000780600000,0x0000000781af5c18,0x0000000783600000)
  from space 8192K, 0% used [0x0000000783600000,0x0000000783600000,0x0000000783e00000)
  to   space 8192K, 0% used [0x0000000786e00000,0x0000000786e00000,0x0000000787600000)
 ParOldGen       total 67072K, used 6075K [0x0000000701200000, 0x0000000705380000, 0x0000000780600000)
  object space 67072K, 9% used [0x0000000701200000,0x00000007017eedc0,0x0000000705380000)
 Metaspace       used 23411K, capacity 23908K, committed 24064K, reserved 1069056K
  class space    used 3360K, capacity 3474K, committed 3584K, reserved 1048576K
Event: 11.130 GC heap after
Heap after GC invocations=5 (full 1):
 PSYoungGen      total 92160K, used 2724K [0x0000000780600000, 0x0000000787100000, 0x00000007c0000000)
  eden space 89088K, 0% used [0x0000000780600000,0x0000000780600000,0x0000000785d00000)
  from space 3072K, 88% used [0x0000000786e00000,0x00000007870a9220,0x0000000787100000)
  to   space 8192K, 0% used [0x0000000786100000,0x0000000786100000,0x0000000786900000)
 ParOldGen       total 67072K, used 6075K [0x0000000701200000, 0x0000000705380000, 0x0000000780600000)
  object space 67072K, 9% used [0x0000000701200000,0x00000007017eedc0,0x0000000705380000)
 Metaspace       used 23411K, capacity 23908K, committed 24064K, reserved 1069056K
  class space    used 3360K, capacity 3474K, committed 3584K, reserved 1048576K
}
Event: 11.130 GC heap before
{Heap before GC invocations=6 (full 2):
 PSYoungGen      total 92160K, used 2724K [0x0000000780600000, 0x0000000787100000, 0x00000007c0000000)
  eden space 89088K, 0% used [0x0000000780600000,0x0000000780600000,0x0000000785d00000)
  from space 3072K, 88% used [0x0000000786e00000,0x00000007870a9220,0x0000000787100000)
  to   space 8192K, 0% used [0x0000000786100000,0x0000000786100000,0x0000000786900000)
 ParOldGen       total 67072K, used 6075K [0x0000000701200000, 0x0000000705380000, 0x0000000780600000)
  object space 67072K, 9% used [0x0000000701200000,0x00000007017eedc0,0x0000000705380000)
 Metaspace       used 23411K, capacity 23908K, committed 24064K, reserved 1069056K
  class space    used 3360K, capacity 3474K, committed 3584K, reserved 1048576K
Event: 11.174 GC heap after
Heap after GC invocations=6 (full 2):
 PSYoungGen      total 92160K, used 0K [0x0000000780600000, 0x0000000787100000, 0x00000007c0000000)
  eden space 89088K, 0% used [0x0000000780600000,0x0000000780600000,0x0000000785d00000)
  from space 3072K, 0% used [0x0000000786e00000,0x0000000786e00000,0x0000000787100000)
  to   space 8192K, 0% used [0x0000000786100000,0x0000000786100000,0x0000000786900000)
 ParOldGen       total 67072K, used 7400K [0x0000000701200000, 0x0000000705380000, 0x0000000780600000)
  object space 67072K, 11% used [0x0000000701200000,0x000000070193a1e8,0x0000000705380000)
 Metaspace       used 23411K, capacity 23908K, committed 24064K, reserved 1069056K
  class space    used 3360K, capacity 3474K, committed 3584K, reserved 1048576K
}

