# JRE version: Java(TM) SE Runtime Environment (8.0_202-b08) (build 1.8.0_202-b08)
# Java VM: Java HotSpot(TM) 64-Bit Server VM (25.202-b08 mixed mode windows-amd64 compressed oops)
Heap:
 PSYoungGen      total 100352K, used 92156K [0x0000000780600000, 0x000000078b780000, 0x00000007c0000000)
  eden space 92160K, 99% used [0x0000000780600000,0x0000000785fff398,0x0000000786000000)
  from space 8192K, 0% used [0x0000000786000000,0x0000000786000000,0x0000000786800000)
  to   space 8192K, 0% used [0x000000078af80000,0x000000078af80000,0x000000078b780000)
 ParOldGen       total 69120K, used 68609K [0x0000000701200000, 0x0000000705580000, 0x0000000780600000)
  object space 69120K, 99% used [0x0000000701200000,0x0000000705500520,0x0000000705580000)
 Metaspace       used 33809K, capacity 34784K, committed 34944K, reserved 1079296K
  class space    used 4749K, capacity 4966K, committed 4992K, reserved 1048576K
GC Heap History (10 events):
Event: 13.715 GC heap after
Heap after GC invocations=7 (full 2):
 PSYoungGen      total 100352K, used 8176K [0x0000000780600000, 0x000000078b780000, 0x00000007c0000000)
  eden space 92160K, 0% used [0x0000000780600000,0x0000000780600000,0x0000000786000000)
  from space 8192K, 99% used [0x0000000786000000,0x00000007867fc158,0x0000000786800000)
  to   space 8192K, 0% used [0x000000078af80000,0x000000078af80000,0x000000078b780000)
 ParOldGen       total 65024K, used 11836K [0x0000000701200000, 0x0000000705180000, 0x0000000780600000)
  object space 65024K, 18% used [0x0000000701200000,0x0000000701d8f068,0x0000000705180000)
 Metaspace       used 32485K, capacity 33166K, committed 33408K, reserved 1077248K
  class space    used 4568K, capacity 4725K, committed 4736K, reserved 1048576K
}
Event: 13.881 GC heap before
{Heap before GC invocations=8 (full 2):
 PSYoungGen      total 100352K, used 100336K [0x0000000780600000, 0x000000078b780000, 0x00000007c0000000)
  eden space 92160K, 100% used [0x0000000780600000,0x0000000786000000,0x0000000786000000)
  from space 8192K, 99% used [0x0000000786000000,0x00000007867fc158,0x0000000786800000)
  to   space 8192K, 0% used [0x000000078af80000,0x000000078af80000,0x000000078b780000)
 ParOldGen       total 65024K, used 11836K [0x0000000701200000, 0x0000000705180000, 0x0000000780600000)
  object space 65024K, 18% used [0x0000000701200000,0x0000000701d8f068,0x0000000705180000)
 Metaspace       used 33810K, capacity 34786K, committed 34944K, reserved 1079296K
  class space    used 4749K, capacity 4967K, committed 4992K, reserved 1048576K
Event: 13.908 GC heap after
Heap after GC invocations=8 (full 2):
 PSYoungGen      total 100352K, used 100336K [0x0000000780600000, 0x000000078b780000, 0x00000007c0000000)
  eden space 92160K, 100% used [0x0000000780600000,0x0000000786000000,0x0000000786000000)
  from space 8192K, 99% used [0x0000000786000000,0x00000007867fc158,0x0000000786800000)
  to   space 8192K, 99% used [0x000000078af80000,0x000000078b77f038,0x000000078b780000)
 ParOldGen       total 69120K, used 69119K [0x0000000701200000, 0x0000000705580000, 0x0000000780600000)
  object space 69120K, 99% used [0x0000000701200000,0x000000070557fe80,0x0000000705580000)
 Metaspace       used 33810K, capacity 34786K, committed 34944K, reserved 1079296K
  class space    used 4749K, capacity 4967K, committed 4992K, reserved 1048576K
}
Event: 13.908 GC heap before
{Heap before GC invocations=9 (full 3):
 PSYoungGen      total 100352K, used 100336K [0x0000000780600000, 0x000000078b780000, 0x00000007c0000000)
  eden space 92160K, 100% used [0x0000000780600000,0x0000000786000000,0x0000000786000000)
  from space 8192K, 99% used [0x0000000786000000,0x00000007867fc158,0x0000000786800000)
  to   space 8192K, 99% used [0x000000078af80000,0x000000078b77f038,0x000000078b780000)
 ParOldGen       total 69120K, used 69119K [0x0000000701200000, 0x0000000705580000, 0x0000000780600000)
  object space 69120K, 99% used [0x0000000701200000,0x000000070557fe80,0x0000000705580000)
 Metaspace       used 33810K, capacity 34786K, committed 34944K, reserved 1079296K
  class space    used 4749K, capacity 4967K, committed 4992K, reserved 1048576K
Event: 13.971 GC heap after
Heap after GC invocations=9 (full 3):
 PSYoungGen      total 100352K, used 11932K [0x0000000780600000, 0x000000078b780000, 0x00000007c0000000)
  eden space 92160K, 12% used [0x0000000780600000,0x00000007811a7378,0x0000000786000000)
  from space 8192K, 0% used [0x0000000786000000,0x0000000786000000,0x0000000786800000)
  to   space 8192K, 0% used [0x000000078af80000,0x000000078af80000,0x000000078b780000)
 ParOldGen       total 69120K, used 69012K [0x0000000701200000, 0x0000000705580000, 0x0000000780600000)
  object space 69120K, 99% used [0x0000000701200000,0x00000007055652e0,0x0000000705580000)
 Metaspace       used 33809K, capacity 34784K, committed 34944K, reserved 1079296K
  class space    used 4749K, capacity 4966K, committed 4992K, reserved 1048576K
}
Event: 13.984 GC heap before
{Heap before GC invocations=10 (full 4):
 PSYoungGen      total 100352K, used 92160K [0x0000000780600000, 0x000000078b780000, 0x00000007c0000000)
  eden space 92160K, 100% used [0x0000000780600000,0x0000000786000000,0x0000000786000000)
  from space 8192K, 0% used [0x0000000786000000,0x0000000786000000,0x0000000786800000)
  to   space 8192K, 0% used [0x000000078af80000,0x000000078af80000,0x000000078b780000)
 ParOldGen       total 69120K, used 69012K [0x0000000701200000, 0x0000000705580000, 0x0000000780600000)
  object space 69120K, 99% used [0x0000000701200000,0x00000007055652e0,0x0000000705580000)
 Metaspace       used 33809K, capacity 34784K, committed 34944K, reserved 1079296K
  class space    used 4749K, capacity 4966K, committed 4992K, reserved 1048576K
Event: 14.051 GC heap after
Heap after GC invocations=10 (full 4):
 PSYoungGen      total 100352K, used 89585K [0x0000000780600000, 0x000000078b780000, 0x00000007c0000000)
  eden space 92160K, 97% used [0x0000000780600000,0x0000000785d7c748,0x0000000786000000)
  from space 8192K, 0% used [0x0000000786000000,0x0000000786000000,0x0000000786800000)
  to   space 8192K, 0% used [0x000000078af80000,0x000000078af80000,0x000000078b780000)
 ParOldGen       total 69120K, used 68609K [0x0000000701200000, 0x0000000705580000, 0x0000000780600000)
  object space 69120K, 99% used [0x0000000701200000,0x00000007055007c0,0x0000000705580000)
 Metaspace       used 33809K, capacity 34784K, committed 34944K, reserved 1079296K
  class space    used 4749K, capacity 4966K, committed 4992K, reserved 1048576K
}
Event: 14.051 GC heap before
{Heap before GC invocations=11 (full 5):
 PSYoungGen      total 100352K, used 92138K [0x0000000780600000, 0x000000078b780000, 0x00000007c0000000)
  eden space 92160K, 99% used [0x0000000780600000,0x0000000785ffaa18,0x0000000786000000)
  from space 8192K, 0% used [0x0000000786000000,0x0000000786000000,0x0000000786800000)
  to   space 8192K, 0% used [0x000000078af80000,0x000000078af80000,0x000000078b780000)
 ParOldGen       total 69120K, used 68609K [0x0000000701200000, 0x0000000705580000, 0x0000000780600000)
  object space 69120K, 99% used [0x0000000701200000,0x00000007055007c0,0x0000000705580000)
 Metaspace       used 33809K, capacity 34784K, committed 34944K, reserved 1079296K
  class space    used 4749K, capacity 4966K, committed 4992K, reserved 1048576K
Event: 14.094 GC heap after
Heap after GC invocations=11 (full 5):
 PSYoungGen      total 100352K, used 90934K [0x0000000780600000, 0x000000078b780000, 0x00000007c0000000)
  eden space 92160K, 98% used [0x0000000780600000,0x0000000785ecd9a8,0x0000000786000000)
  from space 8192K, 0% used [0x0000000786000000,0x0000000786000000,0x0000000786800000)
  to   space 8192K, 0% used [0x000000078af80000,0x000000078af80000,0x000000078b780000)
 ParOldGen       total 69120K, used 68609K [0x0000000701200000, 0x0000000705580000, 0x0000000780600000)
  object space 69120K, 99% used [0x0000000701200000,0x0000000705500520,0x0000000705580000)
 Metaspace       used 33809K, capacity 34784K, committed 34944K, reserved 1079296K
  class space    used 4749K, capacity 4966K, committed 4992K, reserved 1048576K
}
Event: 14.096 GC heap before
{Heap before GC invocations=12 (full 6):
 PSYoungGen      total 100352K, used 92156K [0x0000000780600000, 0x000000078b780000, 0x00000007c0000000)
  eden space 92160K, 99% used [0x0000000780600000,0x0000000785fff398,0x0000000786000000)
  from space 8192K, 0% used [0x0000000786000000,0x0000000786000000,0x0000000786800000)
  to   space 8192K, 0% used [0x000000078af80000,0x000000078af80000,0x000000078b780000)
 ParOldGen       total 69120K, used 68609K [0x0000000701200000, 0x0000000705580000, 0x0000000780600000)
  object space 69120K, 99% used [0x0000000701200000,0x0000000705500520,0x0000000705580000)
 Metaspace       used 33809K, capacity 34784K, committed 34944K, reserved 1079296K
  class space    used 4749K, capacity 4966K, committed 4992K, reserved 1048576K

