# JRE version: Java(TM) SE Runtime Environment (8.0_202-b08) (build 1.8.0_202-b08)
# Java VM: Java HotSpot(TM) 64-Bit Server VM (25.202-b08 mixed mode windows-amd64 compressed oops)
Heap:
 PSYoungGen      total 403456K, used 229581K [0x0000000780600000, 0x00000007b8580000, 0x00000007c0000000)
  eden space 148992K, 48% used [0x0000000780600000,0x0000000784d3a650,0x0000000789780000)
  from space 254464K, 61% used [0x0000000789780000,0x0000000793079140,0x0000000799000000)
  to   space 328192K, 0% used [0x00000007a4500000,0x00000007a4500000,0x00000007b8580000)
 ParOldGen       total 507904K, used 507735K [0x0000000701200000, 0x0000000720200000, 0x0000000780600000)
  object space 507904K, 99% used [0x0000000701200000,0x00000007201d5fc0,0x0000000720200000)
 Metaspace       used 34041K, capacity 34922K, committed 35248K, reserved 1079296K
  class space    used 4767K, capacity 4965K, committed 5040K, reserved 1048576K
GC Heap History (10 events):
Event: 4.031 GC heap before
{Heap before GC invocations=10 (full 4):
 PSYoungGen      total 160768K, used 8183K [0x0000000780600000, 0x00000007a6c00000, 0x00000007c0000000)
  eden space 152576K, 0% used [0x0000000780600000,0x0000000780600000,0x0000000789b00000)
  from space 8192K, 99% used [0x0000000792800000,0x0000000792ffdfc0,0x0000000793000000)
  to   space 144384K, 0% used [0x0000000789b00000,0x0000000789b00000,0x0000000792800000)
 ParOldGen       total 251392K, used 250659K [0x0000000701200000, 0x0000000710780000, 0x0000000780600000)
  object space 251392K, 99% used [0x0000000701200000,0x00000007106c8d68,0x0000000710780000)
 Metaspace       used 33800K, capacity 34674K, committed 34992K, reserved 1079296K
  class space    used 4729K, capacity 4929K, committed 5040K, reserved 1048576K
Event: 4.092 GC heap after
Heap after GC invocations=10 (full 4):
 PSYoungGen      total 160768K, used 0K [0x0000000780600000, 0x00000007a6c00000, 0x00000007c0000000)
  eden space 152576K, 0% used [0x0000000780600000,0x0000000780600000,0x0000000789b00000)
  from space 8192K, 0% used [0x0000000792800000,0x0000000792800000,0x0000000793000000)
  to   space 144384K, 0% used [0x0000000789b00000,0x0000000789b00000,0x0000000792800000)
 ParOldGen       total 507904K, used 248955K [0x0000000701200000, 0x0000000720200000, 0x0000000780600000)
  object space 507904K, 49% used [0x0000000701200000,0x000000071051ee48,0x0000000720200000)
 Metaspace       used 33800K, capacity 34674K, committed 34992K, reserved 1079296K
  class space    used 4729K, capacity 4929K, committed 5040K, reserved 1048576K
}
Event: 4.117 GC heap before
{Heap before GC invocations=11 (full 4):
 PSYoungGen      total 160768K, used 152576K [0x0000000780600000, 0x00000007a6c00000, 0x00000007c0000000)
  eden space 152576K, 100% used [0x0000000780600000,0x0000000789b00000,0x0000000789b00000)
  from space 8192K, 0% used [0x0000000792800000,0x0000000792800000,0x0000000793000000)
  to   space 144384K, 0% used [0x0000000789b00000,0x0000000789b00000,0x0000000792800000)
 ParOldGen       total 507904K, used 248955K [0x0000000701200000, 0x0000000720200000, 0x0000000780600000)
  object space 507904K, 49% used [0x0000000701200000,0x000000071051ee48,0x0000000720200000)
 Metaspace       used 33803K, capacity 34674K, committed 34992K, reserved 1079296K
  class space    used 4731K, capacity 4929K, committed 5040K, reserved 1048576K
Event: 4.150 GC heap after
Heap after GC invocations=11 (full 4):
 PSYoungGen      total 296960K, used 131261K [0x0000000780600000, 0x00000007a3900000, 0x00000007c0000000)
  eden space 152576K, 0% used [0x0000000780600000,0x0000000780600000,0x0000000789b00000)
  from space 144384K, 90% used [0x0000000789b00000,0x0000000791b2f5f0,0x0000000792800000)
  to   space 173056K, 0% used [0x0000000799000000,0x0000000799000000,0x00000007a3900000)
 ParOldGen       total 507904K, used 248955K [0x0000000701200000, 0x0000000720200000, 0x0000000780600000)
  object space 507904K, 49% used [0x0000000701200000,0x000000071051ee48,0x0000000720200000)
 Metaspace       used 33803K, capacity 34674K, committed 34992K, reserved 1079296K
  class space    used 4731K, capacity 4929K, committed 5040K, reserved 1048576K
}
Event: 4.178 GC heap before
{Heap before GC invocations=12 (full 4):
 PSYoungGen      total 296960K, used 283837K [0x0000000780600000, 0x00000007a3900000, 0x00000007c0000000)
  eden space 152576K, 100% used [0x0000000780600000,0x0000000789b00000,0x0000000789b00000)
  from space 144384K, 90% used [0x0000000789b00000,0x0000000791b2f5f0,0x0000000792800000)
  to   space 173056K, 0% used [0x0000000799000000,0x0000000799000000,0x00000007a3900000)
 ParOldGen       total 507904K, used 248955K [0x0000000701200000, 0x0000000720200000, 0x0000000780600000)
  object space 507904K, 49% used [0x0000000701200000,0x000000071051ee48,0x0000000720200000)
 Metaspace       used 33824K, capacity 34686K, committed 34992K, reserved 1079296K
  class space    used 4738K, capacity 4931K, committed 5040K, reserved 1048576K
Event: 4.247 GC heap after
Heap after GC invocations=12 (full 4):
 PSYoungGen      total 322048K, used 173039K [0x0000000780600000, 0x00000007af180000, 0x00000007c0000000)
  eden space 148992K, 0% used [0x0000000780600000,0x0000000780600000,0x0000000789780000)
  from space 173056K, 99% used [0x0000000799000000,0x00000007a38fbdf0,0x00000007a3900000)
  to   space 254464K, 0% used [0x0000000789780000,0x0000000789780000,0x0000000799000000)
 ParOldGen       total 507904K, used 351220K [0x0000000701200000, 0x0000000720200000, 0x0000000780600000)
  object space 507904K, 69% used [0x0000000701200000,0x00000007168fd3c0,0x0000000720200000)
 Metaspace       used 33824K, capacity 34686K, committed 34992K, reserved 1079296K
  class space    used 4738K, capacity 4931K, committed 5040K, reserved 1048576K
}
Event: 4.273 GC heap before
{Heap before GC invocations=13 (full 4):
 PSYoungGen      total 322048K, used 322031K [0x0000000780600000, 0x00000007af180000, 0x00000007c0000000)
  eden space 148992K, 100% used [0x0000000780600000,0x0000000789780000,0x0000000789780000)
  from space 173056K, 99% used [0x0000000799000000,0x00000007a38fbdf0,0x00000007a3900000)
  to   space 254464K, 0% used [0x0000000789780000,0x0000000789780000,0x0000000799000000)
 ParOldGen       total 507904K, used 351220K [0x0000000701200000, 0x0000000720200000, 0x0000000780600000)
  object space 507904K, 69% used [0x0000000701200000,0x00000007168fd3c0,0x0000000720200000)
 Metaspace       used 34013K, capacity 34910K, committed 34992K, reserved 1079296K
  class space    used 4763K, capacity 4963K, committed 5040K, reserved 1048576K
Event: 4.349 GC heap after
Heap after GC invocations=13 (full 4):
 PSYoungGen      total 403456K, used 254457K [0x0000000780600000, 0x00000007b8580000, 0x00000007c0000000)
  eden space 148992K, 0% used [0x0000000780600000,0x0000000780600000,0x0000000789780000)
  from space 254464K, 99% used [0x0000000789780000,0x0000000798ffe620,0x0000000799000000)
  to   space 328192K, 0% used [0x00000007a4500000,0x00000007a4500000,0x00000007b8580000)
 ParOldGen       total 507904K, used 409995K [0x0000000701200000, 0x0000000720200000, 0x0000000780600000)
  object space 507904K, 80% used [0x0000000701200000,0x000000071a262e10,0x0000000720200000)
 Metaspace       used 34013K, capacity 34910K, committed 34992K, reserved 1079296K
  class space    used 4763K, capacity 4963K, committed 5040K, reserved 1048576K
}
Event: 4.349 GC heap before
{Heap before GC invocations=14 (full 5):
 PSYoungGen      total 403456K, used 254457K [0x0000000780600000, 0x00000007b8580000, 0x00000007c0000000)
  eden space 148992K, 0% used [0x0000000780600000,0x0000000780600000,0x0000000789780000)
  from space 254464K, 99% used [0x0000000789780000,0x0000000798ffe620,0x0000000799000000)
  to   space 328192K, 0% used [0x00000007a4500000,0x00000007a4500000,0x00000007b8580000)
 ParOldGen       total 507904K, used 409995K [0x0000000701200000, 0x0000000720200000, 0x0000000780600000)
  object space 507904K, 80% used [0x0000000701200000,0x000000071a262e10,0x0000000720200000)
 Metaspace       used 34013K, capacity 34910K, committed 34992K, reserved 1079296K
  class space    used 4763K, capacity 4963K, committed 5040K, reserved 1048576K
Event: 4.478 GC heap after
Heap after GC invocations=14 (full 5):
 PSYoungGen      total 403456K, used 156644K [0x0000000780600000, 0x00000007b8580000, 0x00000007c0000000)
  eden space 148992K, 0% used [0x0000000780600000,0x0000000780600000,0x0000000789780000)
  from space 254464K, 61% used [0x0000000789780000,0x0000000793079140,0x0000000799000000)
  to   space 328192K, 0% used [0x00000007a4500000,0x00000007a4500000,0x00000007b8580000)
 ParOldGen       total 507904K, used 507735K [0x0000000701200000, 0x0000000720200000, 0x0000000780600000)
  object space 507904K, 99% used [0x0000000701200000,0x00000007201d5fc0,0x0000000720200000)
 Metaspace       used 34013K, capacity 34910K, committed 34992K, reserved 1079296K
  class space    used 4763K, capacity 4963K, committed 5040K, reserved 1048576K
}

