# JRE version: Java(TM) SE Runtime Environment (8.0_202-b08) (build 1.8.0_202-b08)
# Java VM: Java HotSpot(TM) 64-Bit Server VM (25.202-b08 mixed mode windows-amd64 compressed oops)
Heap:
 PSYoungGen      total 57344K, used 5166K [0x0000000780600000, 0x0000000784600000, 0x00000007c0000000)
  eden space 49152K, 10% used [0x0000000780600000,0x0000000780b0bbd8,0x0000000783600000)
  from space 8192K, 0% used [0x0000000783e00000,0x0000000783e00000,0x0000000784600000)
  to   space 8192K, 0% used [0x0000000783600000,0x0000000783600000,0x0000000783e00000)
 ParOldGen       total 57344K, used 7409K [0x0000000701200000, 0x0000000704a00000, 0x0000000780600000)
  object space 57344K, 12% used [0x0000000701200000,0x000000070193c558,0x0000000704a00000)
 Metaspace       used 23595K, capacity 24068K, committed 24320K, reserved 1071104K
  class space    used 3381K, capacity 3506K, committed 3584K, reserved 1048576K
GC Heap History (10 events):
Event: 26.939 GC heap before
{Heap before GC invocations=2 (full 0):
 PSYoungGen      total 57344K, used 57278K [0x0000000780600000, 0x0000000784600000, 0x00000007c0000000)
  eden space 49152K, 100% used [0x0000000780600000,0x0000000783600000,0x0000000783600000)
  from space 8192K, 99% used [0x0000000783600000,0x0000000783defba8,0x0000000783e00000)
  to   space 8192K, 0% used [0x0000000783e00000,0x0000000783e00000,0x0000000784600000)
 ParOldGen       total 131072K, used 0K [0x0000000701200000, 0x0000000709200000, 0x0000000780600000)
  object space 131072K, 0% used [0x0000000701200000,0x0000000701200000,0x0000000709200000)
 Metaspace       used 19157K, capacity 19608K, committed 19712K, reserved 1067008K
  class space    used 2665K, capacity 2776K, committed 2816K, reserved 1048576K
Event: 26.946 GC heap after
Heap after GC invocations=2 (full 0):
 PSYoungGen      total 57344K, used 8181K [0x0000000780600000, 0x0000000784600000, 0x00000007c0000000)
  eden space 49152K, 0% used [0x0000000780600000,0x0000000780600000,0x0000000783600000)
  from space 8192K, 99% used [0x0000000783e00000,0x00000007845fd7f8,0x0000000784600000)
  to   space 8192K, 0% used [0x0000000783600000,0x0000000783600000,0x0000000783e00000)
 ParOldGen       total 131072K, used 1708K [0x0000000701200000, 0x0000000709200000, 0x0000000780600000)
  object space 131072K, 1% used [0x0000000701200000,0x00000007013ab058,0x0000000709200000)
 Metaspace       used 19157K, capacity 19608K, committed 19712K, reserved 1067008K
  class space    used 2665K, capacity 2776K, committed 2816K, reserved 1048576K
}
Event: 27.197 GC heap before
{Heap before GC invocations=3 (full 0):
 PSYoungGen      total 57344K, used 21476K [0x0000000780600000, 0x0000000784600000, 0x00000007c0000000)
  eden space 49152K, 27% used [0x0000000780600000,0x00000007812fbb98,0x0000000783600000)
  from space 8192K, 99% used [0x0000000783e00000,0x00000007845fd7f8,0x0000000784600000)
  to   space 8192K, 0% used [0x0000000783600000,0x0000000783600000,0x0000000783e00000)
 ParOldGen       total 131072K, used 1708K [0x0000000701200000, 0x0000000709200000, 0x0000000780600000)
  object space 131072K, 1% used [0x0000000701200000,0x00000007013ab058,0x0000000709200000)
 Metaspace       used 20793K, capacity 21144K, committed 21248K, reserved 1067008K
  class space    used 2937K, capacity 3032K, committed 3072K, reserved 1048576K
Event: 27.202 GC heap after
Heap after GC invocations=3 (full 0):
 PSYoungGen      total 57344K, used 6389K [0x0000000780600000, 0x0000000784600000, 0x00000007c0000000)
  eden space 49152K, 0% used [0x0000000780600000,0x0000000780600000,0x0000000783600000)
  from space 8192K, 78% used [0x0000000783600000,0x0000000783c3d7d8,0x0000000783e00000)
  to   space 8192K, 0% used [0x0000000783e00000,0x0000000783e00000,0x0000000784600000)
 ParOldGen       total 131072K, used 1716K [0x0000000701200000, 0x0000000709200000, 0x0000000780600000)
  object space 131072K, 1% used [0x0000000701200000,0x00000007013ad058,0x0000000709200000)
 Metaspace       used 20793K, capacity 21144K, committed 21248K, reserved 1067008K
  class space    used 2937K, capacity 3032K, committed 3072K, reserved 1048576K
}
Event: 27.202 GC heap before
{Heap before GC invocations=4 (full 1):
 PSYoungGen      total 57344K, used 6389K [0x0000000780600000, 0x0000000784600000, 0x00000007c0000000)
  eden space 49152K, 0% used [0x0000000780600000,0x0000000780600000,0x0000000783600000)
  from space 8192K, 78% used [0x0000000783600000,0x0000000783c3d7d8,0x0000000783e00000)
  to   space 8192K, 0% used [0x0000000783e00000,0x0000000783e00000,0x0000000784600000)
 ParOldGen       total 131072K, used 1716K [0x0000000701200000, 0x0000000709200000, 0x0000000780600000)
  object space 131072K, 1% used [0x0000000701200000,0x00000007013ad058,0x0000000709200000)
 Metaspace       used 20793K, capacity 21144K, committed 21248K, reserved 1067008K
  class space    used 2937K, capacity 3032K, committed 3072K, reserved 1048576K
Event: 27.236 GC heap after
Heap after GC invocations=4 (full 1):
 PSYoungGen      total 57344K, used 0K [0x0000000780600000, 0x0000000784600000, 0x00000007c0000000)
  eden space 49152K, 0% used [0x0000000780600000,0x0000000780600000,0x0000000783600000)
  from space 8192K, 0% used [0x0000000783600000,0x0000000783600000,0x0000000783e00000)
  to   space 8192K, 0% used [0x0000000783e00000,0x0000000783e00000,0x0000000784600000)
 ParOldGen       total 57344K, used 6189K [0x0000000701200000, 0x0000000704a00000, 0x0000000780600000)
  object space 57344K, 10% used [0x0000000701200000,0x000000070180b7c0,0x0000000704a00000)
 Metaspace       used 20793K, capacity 21144K, committed 21248K, reserved 1067008K
  class space    used 2937K, capacity 3032K, committed 3072K, reserved 1048576K
}
Event: 27.664 GC heap before
{Heap before GC invocations=5 (full 1):
 PSYoungGen      total 57344K, used 21168K [0x0000000780600000, 0x0000000784600000, 0x00000007c0000000)
  eden space 49152K, 43% used [0x0000000780600000,0x0000000781aac0a0,0x0000000783600000)
  from space 8192K, 0% used [0x0000000783600000,0x0000000783600000,0x0000000783e00000)
  to   space 8192K, 0% used [0x0000000783e00000,0x0000000783e00000,0x0000000784600000)
 ParOldGen       total 57344K, used 6189K [0x0000000701200000, 0x0000000704a00000, 0x0000000780600000)
  object space 57344K, 10% used [0x0000000701200000,0x000000070180b7c0,0x0000000704a00000)
 Metaspace       used 23416K, capacity 23908K, committed 24064K, reserved 1069056K
  class space    used 3360K, capacity 3474K, committed 3584K, reserved 1048576K
Event: 27.666 GC heap after
Heap after GC invocations=5 (full 1):
 PSYoungGen      total 57344K, used 2647K [0x0000000780600000, 0x0000000784600000, 0x00000007c0000000)
  eden space 49152K, 0% used [0x0000000780600000,0x0000000780600000,0x0000000783600000)
  from space 8192K, 32% used [0x0000000783e00000,0x0000000784095ed0,0x0000000784600000)
  to   space 8192K, 0% used [0x0000000783600000,0x0000000783600000,0x0000000783e00000)
 ParOldGen       total 57344K, used 6189K [0x0000000701200000, 0x0000000704a00000, 0x0000000780600000)
  object space 57344K, 10% used [0x0000000701200000,0x000000070180b7c0,0x0000000704a00000)
 Metaspace       used 23416K, capacity 23908K, committed 24064K, reserved 1069056K
  class space    used 3360K, capacity 3474K, committed 3584K, reserved 1048576K
}
Event: 27.666 GC heap before
{Heap before GC invocations=6 (full 2):
 PSYoungGen      total 57344K, used 2647K [0x0000000780600000, 0x0000000784600000, 0x00000007c0000000)
  eden space 49152K, 0% used [0x0000000780600000,0x0000000780600000,0x0000000783600000)
  from space 8192K, 32% used [0x0000000783e00000,0x0000000784095ed0,0x0000000784600000)
  to   space 8192K, 0% used [0x0000000783600000,0x0000000783600000,0x0000000783e00000)
 ParOldGen       total 57344K, used 6189K [0x0000000701200000, 0x0000000704a00000, 0x0000000780600000)
  object space 57344K, 10% used [0x0000000701200000,0x000000070180b7c0,0x0000000704a00000)
 Metaspace       used 23416K, capacity 23908K, committed 24064K, reserved 1069056K
  class space    used 3360K, capacity 3474K, committed 3584K, reserved 1048576K
Event: 27.704 GC heap after
Heap after GC invocations=6 (full 2):
 PSYoungGen      total 57344K, used 0K [0x0000000780600000, 0x0000000784600000, 0x00000007c0000000)
  eden space 49152K, 0% used [0x0000000780600000,0x0000000780600000,0x0000000783600000)
  from space 8192K, 0% used [0x0000000783e00000,0x0000000783e00000,0x0000000784600000)
  to   space 8192K, 0% used [0x0000000783600000,0x0000000783600000,0x0000000783e00000)
 ParOldGen       total 57344K, used 7409K [0x0000000701200000, 0x0000000704a00000, 0x0000000780600000)
  object space 57344K, 12% used [0x0000000701200000,0x000000070193c558,0x0000000704a00000)
 Metaspace       used 23416K, capacity 23908K, committed 24064K, reserved 1069056K
  class space    used 3360K, capacity 3474K, committed 3584K, reserved 1048576K
}

