# JRE version: Java(TM) SE Runtime Environment (8.0_202-b08) (build 1.8.0_202-b08)
# Java VM: Java HotSpot(TM) 64-Bit Server VM (25.202-b08 mixed mode windows-amd64 compressed oops)
Heap:
 PSYoungGen      total 106496K, used 3680K [0x0000000780600000, 0x000000078b680000, 0x00000007c0000000)
  eden space 98304K, 3% used [0x0000000780600000,0x0000000780998318,0x0000000786600000)
  from space 8192K, 0% used [0x0000000786e00000,0x0000000786e00000,0x0000000787600000)
  to   space 8192K, 0% used [0x0000000786600000,0x0000000786600000,0x0000000786e00000)
 ParOldGen       total 74240K, used 7670K [0x0000000701200000, 0x0000000705a80000, 0x0000000780600000)
  object space 74240K, 10% used [0x0000000701200000,0x000000070197d9d8,0x0000000705a80000)
 Metaspace       used 23756K, capacity 24290K, committed 24576K, reserved 1071104K
  class space    used 3414K, capacity 3559K, committed 3584K, reserved 1048576K
GC Heap History (10 events):
Event: 2.344 GC heap before
{Heap before GC invocations=2 (full 0):
 PSYoungGen      total 57344K, used 57315K [0x0000000780600000, 0x0000000787600000, 0x00000007c0000000)
  eden space 49152K, 100% used [0x0000000780600000,0x0000000783600000,0x0000000783600000)
  from space 8192K, 99% used [0x0000000783600000,0x0000000783df8c30,0x0000000783e00000)
  to   space 8192K, 0% used [0x0000000786e00000,0x0000000786e00000,0x0000000787600000)
 ParOldGen       total 131072K, used 121K [0x0000000701200000, 0x0000000709200000, 0x0000000780600000)
  object space 131072K, 0% used [0x0000000701200000,0x000000070121e758,0x0000000709200000)
 Metaspace       used 19163K, capacity 19638K, committed 20096K, reserved 1067008K
  class space    used 2690K, capacity 2829K, committed 2944K, reserved 1048576K
Event: 2.354 GC heap after
Heap after GC invocations=2 (full 0):
 PSYoungGen      total 106496K, used 8186K [0x0000000780600000, 0x0000000787600000, 0x00000007c0000000)
  eden space 98304K, 0% used [0x0000000780600000,0x0000000780600000,0x0000000786600000)
  from space 8192K, 99% used [0x0000000786e00000,0x00000007875feb18,0x0000000787600000)
  to   space 8192K, 0% used [0x0000000786600000,0x0000000786600000,0x0000000786e00000)
 ParOldGen       total 131072K, used 2053K [0x0000000701200000, 0x0000000709200000, 0x0000000780600000)
  object space 131072K, 1% used [0x0000000701200000,0x0000000701401688,0x0000000709200000)
 Metaspace       used 19163K, capacity 19638K, committed 20096K, reserved 1067008K
  class space    used 2690K, capacity 2829K, committed 2944K, reserved 1048576K
}
Event: 2.481 GC heap before
{Heap before GC invocations=3 (full 0):
 PSYoungGen      total 106496K, used 25084K [0x0000000780600000, 0x0000000787600000, 0x00000007c0000000)
  eden space 98304K, 17% used [0x0000000780600000,0x00000007816806c8,0x0000000786600000)
  from space 8192K, 99% used [0x0000000786e00000,0x00000007875feb18,0x0000000787600000)
  to   space 8192K, 0% used [0x0000000786600000,0x0000000786600000,0x0000000786e00000)
 ParOldGen       total 131072K, used 2053K [0x0000000701200000, 0x0000000709200000, 0x0000000780600000)
  object space 131072K, 1% used [0x0000000701200000,0x0000000701401688,0x0000000709200000)
 Metaspace       used 20645K, capacity 21078K, committed 21248K, reserved 1067008K
  class space    used 2924K, capacity 3053K, committed 3072K, reserved 1048576K
Event: 2.494 GC heap after
Heap after GC invocations=3 (full 0):
 PSYoungGen      total 106496K, used 6572K [0x0000000780600000, 0x0000000787600000, 0x00000007c0000000)
  eden space 98304K, 0% used [0x0000000780600000,0x0000000780600000,0x0000000786600000)
  from space 8192K, 80% used [0x0000000786600000,0x0000000786c6b0e8,0x0000000786e00000)
  to   space 8192K, 0% used [0x0000000786e00000,0x0000000786e00000,0x0000000787600000)
 ParOldGen       total 131072K, used 2061K [0x0000000701200000, 0x0000000709200000, 0x0000000780600000)
  object space 131072K, 1% used [0x0000000701200000,0x0000000701403688,0x0000000709200000)
 Metaspace       used 20645K, capacity 21078K, committed 21248K, reserved 1067008K
  class space    used 2924K, capacity 3053K, committed 3072K, reserved 1048576K
}
Event: 2.494 GC heap before
{Heap before GC invocations=4 (full 1):
 PSYoungGen      total 106496K, used 6572K [0x0000000780600000, 0x0000000787600000, 0x00000007c0000000)
  eden space 98304K, 0% used [0x0000000780600000,0x0000000780600000,0x0000000786600000)
  from space 8192K, 80% used [0x0000000786600000,0x0000000786c6b0e8,0x0000000786e00000)
  to   space 8192K, 0% used [0x0000000786e00000,0x0000000786e00000,0x0000000787600000)
 ParOldGen       total 131072K, used 2061K [0x0000000701200000, 0x0000000709200000, 0x0000000780600000)
  object space 131072K, 1% used [0x0000000701200000,0x0000000701403688,0x0000000709200000)
 Metaspace       used 20645K, capacity 21078K, committed 21248K, reserved 1067008K
  class space    used 2924K, capacity 3053K, committed 3072K, reserved 1048576K
Event: 2.540 GC heap after
Heap after GC invocations=4 (full 1):
 PSYoungGen      total 106496K, used 0K [0x0000000780600000, 0x0000000787600000, 0x00000007c0000000)
  eden space 98304K, 0% used [0x0000000780600000,0x0000000780600000,0x0000000786600000)
  from space 8192K, 0% used [0x0000000786600000,0x0000000786600000,0x0000000786e00000)
  to   space 8192K, 0% used [0x0000000786e00000,0x0000000786e00000,0x0000000787600000)
 ParOldGen       total 74240K, used 6415K [0x0000000701200000, 0x0000000705a80000, 0x0000000780600000)
  object space 74240K, 8% used [0x0000000701200000,0x0000000701843fb0,0x0000000705a80000)
 Metaspace       used 20645K, capacity 21078K, committed 21248K, reserved 1067008K
  class space    used 2924K, capacity 3053K, committed 3072K, reserved 1048576K
}
Event: 2.961 GC heap before
{Heap before GC invocations=5 (full 1):
 PSYoungGen      total 106496K, used 26200K [0x0000000780600000, 0x0000000787600000, 0x00000007c0000000)
  eden space 98304K, 26% used [0x0000000780600000,0x0000000781f96338,0x0000000786600000)
  from space 8192K, 0% used [0x0000000786600000,0x0000000786600000,0x0000000786e00000)
  to   space 8192K, 0% used [0x0000000786e00000,0x0000000786e00000,0x0000000787600000)
 ParOldGen       total 74240K, used 6415K [0x0000000701200000, 0x0000000705a80000, 0x0000000780600000)
  object space 74240K, 8% used [0x0000000701200000,0x0000000701843fb0,0x0000000705a80000)
 Metaspace       used 23618K, capacity 24130K, committed 24576K, reserved 1071104K
  class space    used 3399K, capacity 3527K, committed 3584K, reserved 1048576K
Event: 2.963 GC heap after
Heap after GC invocations=5 (full 1):
 PSYoungGen      total 106496K, used 2872K [0x0000000780600000, 0x000000078b680000, 0x00000007c0000000)
  eden space 98304K, 0% used [0x0000000780600000,0x0000000780600000,0x0000000786600000)
  from space 8192K, 35% used [0x0000000786e00000,0x00000007870ce268,0x0000000787600000)
  to   space 8192K, 0% used [0x0000000786600000,0x0000000786600000,0x0000000786e00000)
 ParOldGen       total 74240K, used 6423K [0x0000000701200000, 0x0000000705a80000, 0x0000000780600000)
  object space 74240K, 8% used [0x0000000701200000,0x0000000701845fb0,0x0000000705a80000)
 Metaspace       used 23618K, capacity 24130K, committed 24576K, reserved 1071104K
  class space    used 3399K, capacity 3527K, committed 3584K, reserved 1048576K
}
Event: 2.963 GC heap before
{Heap before GC invocations=6 (full 2):
 PSYoungGen      total 106496K, used 2872K [0x0000000780600000, 0x000000078b680000, 0x00000007c0000000)
  eden space 98304K, 0% used [0x0000000780600000,0x0000000780600000,0x0000000786600000)
  from space 8192K, 35% used [0x0000000786e00000,0x00000007870ce268,0x0000000787600000)
  to   space 8192K, 0% used [0x0000000786600000,0x0000000786600000,0x0000000786e00000)
 ParOldGen       total 74240K, used 6423K [0x0000000701200000, 0x0000000705a80000, 0x0000000780600000)
  object space 74240K, 8% used [0x0000000701200000,0x0000000701845fb0,0x0000000705a80000)
 Metaspace       used 23618K, capacity 24130K, committed 24576K, reserved 1071104K
  class space    used 3399K, capacity 3527K, committed 3584K, reserved 1048576K
Event: 3.005 GC heap after
Heap after GC invocations=6 (full 2):
 PSYoungGen      total 106496K, used 0K [0x0000000780600000, 0x000000078b680000, 0x00000007c0000000)
  eden space 98304K, 0% used [0x0000000780600000,0x0000000780600000,0x0000000786600000)
  from space 8192K, 0% used [0x0000000786e00000,0x0000000786e00000,0x0000000787600000)
  to   space 8192K, 0% used [0x0000000786600000,0x0000000786600000,0x0000000786e00000)
 ParOldGen       total 74240K, used 7670K [0x0000000701200000, 0x0000000705a80000, 0x0000000780600000)
  object space 74240K, 10% used [0x0000000701200000,0x000000070197d9d8,0x0000000705a80000)
 Metaspace       used 23618K, capacity 24130K, committed 24576K, reserved 1071104K
  class space    used 3399K, capacity 3527K, committed 3584K, reserved 1048576K
}

