# JRE version: Java(TM) SE Runtime Environment (8.0_202-b08) (build 1.8.0_202-b08)
# Java VM: Java HotSpot(TM) 64-Bit Server VM (25.202-b08 mixed mode windows-amd64 compressed oops)
Heap:
 PSYoungGen      total 597504K, used 497444K [0x0000000780600000, 0x00000007a6e00000, 0x00000007c0000000)
  eden space 565760K, 87% used [0x0000000780600000,0x000000079ebc9348,0x00000007a2e80000)
  from space 31744K, 0% used [0x00000007a2e80000,0x00000007a2e80000,0x00000007a4d80000)
  to   space 31744K, 0% used [0x00000007a4d80000,0x00000007a4d80000,0x00000007a6c80000)
 ParOldGen       total 162816K, used 142834K [0x0000000701200000, 0x000000070b100000, 0x0000000780600000)
  object space 162816K, 87% used [0x0000000701200000,0x0000000709d7ca98,0x000000070b100000)
 Metaspace       used 40297K, capacity 41602K, committed 41728K, reserved 1085440K
  class space    used 5323K, capacity 5595K, committed 5632K, reserved 1048576K
GC Heap History (10 events):
Event: 40.729 GC heap before
{Heap before GC invocations=36 (full 4):
 PSYoungGen      total 514048K, used 504064K [0x0000000780600000, 0x00000007a6c80000, 0x00000007c0000000)
  eden space 482304K, 100% used [0x0000000780600000,0x000000079dd00000,0x000000079dd00000)
  from space 31744K, 68% used [0x000000079dd00000,0x000000079f240000,0x000000079fc00000)
  to   space 31744K, 0% used [0x00000007a4d80000,0x00000007a4d80000,0x00000007a6c80000)
 ParOldGen       total 162816K, used 118704K [0x0000000701200000, 0x000000070b100000, 0x0000000780600000)
  object space 162816K, 72% used [0x0000000701200000,0x00000007085ec098,0x000000070b100000)
 Metaspace       used 40287K, capacity 41570K, committed 41728K, reserved 1085440K
  class space    used 5320K, capacity 5563K, committed 5632K, reserved 1048576K
Event: 40.765 GC heap after
Heap after GC invocations=36 (full 4):
 PSYoungGen      total 597504K, used 22944K [0x0000000780600000, 0x00000007a6e00000, 0x00000007c0000000)
  eden space 565760K, 0% used [0x0000000780600000,0x0000000780600000,0x00000007a2e80000)
  from space 31744K, 72% used [0x00000007a4d80000,0x00000007a63e8000,0x00000007a6c80000)
  to   space 31744K, 0% used [0x00000007a2e80000,0x00000007a2e80000,0x00000007a4d80000)
 ParOldGen       total 162816K, used 126257K [0x0000000701200000, 0x000000070b100000, 0x0000000780600000)
  object space 162816K, 77% used [0x0000000701200000,0x0000000708d4c4e0,0x000000070b100000)
 Metaspace       used 40287K, capacity 41570K, committed 41728K, reserved 1085440K
  class space    used 5320K, capacity 5563K, committed 5632K, reserved 1048576K
}
Event: 41.951 GC heap before
{Heap before GC invocations=37 (full 4):
 PSYoungGen      total 597504K, used 588704K [0x0000000780600000, 0x00000007a6e00000, 0x00000007c0000000)
  eden space 565760K, 100% used [0x0000000780600000,0x00000007a2e80000,0x00000007a2e80000)
  from space 31744K, 72% used [0x00000007a4d80000,0x00000007a63e8000,0x00000007a6c80000)
  to   space 31744K, 0% used [0x00000007a2e80000,0x00000007a2e80000,0x00000007a4d80000)
 ParOldGen       total 162816K, used 126257K [0x0000000701200000, 0x000000070b100000, 0x0000000780600000)
  object space 162816K, 77% used [0x0000000701200000,0x0000000708d4c4e0,0x000000070b100000)
 Metaspace       used 40290K, capacity 41602K, committed 41728K, reserved 1085440K
  class space    used 5322K, capacity 5595K, committed 5632K, reserved 1048576K
Event: 41.995 GC heap after
Heap after GC invocations=37 (full 4):
 PSYoungGen      total 597504K, used 24192K [0x0000000780600000, 0x00000007a6e00000, 0x00000007c0000000)
  eden space 565760K, 0% used [0x0000000780600000,0x0000000780600000,0x00000007a2e80000)
  from space 31744K, 76% used [0x00000007a2e80000,0x00000007a4620000,0x00000007a4d80000)
  to   space 31744K, 0% used [0x00000007a4d80000,0x00000007a4d80000,0x00000007a6c80000)
 ParOldGen       total 162816K, used 134211K [0x0000000701200000, 0x000000070b100000, 0x0000000780600000)
  object space 162816K, 82% used [0x0000000701200000,0x0000000709510ed8,0x000000070b100000)
 Metaspace       used 40290K, capacity 41602K, committed 41728K, reserved 1085440K
  class space    used 5322K, capacity 5595K, committed 5632K, reserved 1048576K
}
Event: 43.095 GC heap before
{Heap before GC invocations=38 (full 4):
 PSYoungGen      total 597504K, used 589952K [0x0000000780600000, 0x00000007a6e00000, 0x00000007c0000000)
  eden space 565760K, 100% used [0x0000000780600000,0x00000007a2e80000,0x00000007a2e80000)
  from space 31744K, 76% used [0x00000007a2e80000,0x00000007a4620000,0x00000007a4d80000)
  to   space 31744K, 0% used [0x00000007a4d80000,0x00000007a4d80000,0x00000007a6c80000)
 ParOldGen       total 162816K, used 134211K [0x0000000701200000, 0x000000070b100000, 0x0000000780600000)
  object space 162816K, 82% used [0x0000000701200000,0x0000000709510ed8,0x000000070b100000)
 Metaspace       used 40293K, capacity 41602K, committed 41728K, reserved 1085440K
  class space    used 5323K, capacity 5595K, committed 5632K, reserved 1048576K
Event: 43.132 GC heap after
Heap after GC invocations=38 (full 4):
 PSYoungGen      total 597504K, used 25568K [0x0000000780600000, 0x00000007a6e00000, 0x00000007c0000000)
  eden space 565760K, 0% used [0x0000000780600000,0x0000000780600000,0x00000007a2e80000)
  from space 31744K, 80% used [0x00000007a4d80000,0x00000007a6678000,0x00000007a6c80000)
  to   space 31744K, 0% used [0x00000007a2e80000,0x00000007a2e80000,0x00000007a4d80000)
 ParOldGen       total 162816K, used 143102K [0x0000000701200000, 0x000000070b100000, 0x0000000780600000)
  object space 162816K, 87% used [0x0000000701200000,0x0000000709dbf888,0x000000070b100000)
 Metaspace       used 40293K, capacity 41602K, committed 41728K, reserved 1085440K
  class space    used 5323K, capacity 5595K, committed 5632K, reserved 1048576K
}
Event: 44.358 GC heap before
{Heap before GC invocations=39 (full 4):
 PSYoungGen      total 597504K, used 591328K [0x0000000780600000, 0x00000007a6e00000, 0x00000007c0000000)
  eden space 565760K, 100% used [0x0000000780600000,0x00000007a2e80000,0x00000007a2e80000)
  from space 31744K, 80% used [0x00000007a4d80000,0x00000007a6678000,0x00000007a6c80000)
  to   space 31744K, 0% used [0x00000007a2e80000,0x00000007a2e80000,0x00000007a4d80000)
 ParOldGen       total 162816K, used 143102K [0x0000000701200000, 0x000000070b100000, 0x0000000780600000)
  object space 162816K, 87% used [0x0000000701200000,0x0000000709dbf888,0x000000070b100000)
 Metaspace       used 40297K, capacity 41602K, committed 41728K, reserved 1085440K
  class space    used 5323K, capacity 5595K, committed 5632K, reserved 1048576K
Event: 44.399 GC heap after
Heap after GC invocations=39 (full 4):
 PSYoungGen      total 597504K, used 25632K [0x0000000780600000, 0x00000007a6e00000, 0x00000007c0000000)
  eden space 565760K, 0% used [0x0000000780600000,0x0000000780600000,0x00000007a2e80000)
  from space 31744K, 80% used [0x00000007a2e80000,0x00000007a4788000,0x00000007a4d80000)
  to   space 31744K, 0% used [0x00000007a4d80000,0x00000007a4d80000,0x00000007a6c80000)
 ParOldGen       total 162816K, used 152054K [0x0000000701200000, 0x000000070b100000, 0x0000000780600000)
  object space 162816K, 93% used [0x0000000701200000,0x000000070a67d9e0,0x000000070b100000)
 Metaspace       used 40297K, capacity 41602K, committed 41728K, reserved 1085440K
  class space    used 5323K, capacity 5595K, committed 5632K, reserved 1048576K
}
Event: 44.399 GC heap before
{Heap before GC invocations=40 (full 5):
 PSYoungGen      total 597504K, used 25632K [0x0000000780600000, 0x00000007a6e00000, 0x00000007c0000000)
  eden space 565760K, 0% used [0x0000000780600000,0x0000000780600000,0x00000007a2e80000)
  from space 31744K, 80% used [0x00000007a2e80000,0x00000007a4788000,0x00000007a4d80000)
  to   space 31744K, 0% used [0x00000007a4d80000,0x00000007a4d80000,0x00000007a6c80000)
 ParOldGen       total 162816K, used 152054K [0x0000000701200000, 0x000000070b100000, 0x0000000780600000)
  object space 162816K, 93% used [0x0000000701200000,0x000000070a67d9e0,0x000000070b100000)
 Metaspace       used 40297K, capacity 41602K, committed 41728K, reserved 1085440K
  class space    used 5323K, capacity 5595K, committed 5632K, reserved 1048576K
Event: 44.751 GC heap after
Heap after GC invocations=40 (full 5):
 PSYoungGen      total 597504K, used 0K [0x0000000780600000, 0x00000007a6e00000, 0x00000007c0000000)
  eden space 565760K, 0% used [0x0000000780600000,0x0000000780600000,0x00000007a2e80000)
  from space 31744K, 0% used [0x00000007a2e80000,0x00000007a2e80000,0x00000007a4d80000)
  to   space 31744K, 0% used [0x00000007a4d80000,0x00000007a4d80000,0x00000007a6c80000)
 ParOldGen       total 162816K, used 142834K [0x0000000701200000, 0x000000070b100000, 0x0000000780600000)
  object space 162816K, 87% used [0x0000000701200000,0x0000000709d7ca98,0x000000070b100000)
 Metaspace       used 40297K, capacity 41602K, committed 41728K, reserved 1085440K
  class space    used 5323K, capacity 5595K, committed 5632K, reserved 1048576K
}

