# JRE version: Java(TM) SE Runtime Environment (8.0_202-b08) (build 1.8.0_202-b08)
# Java VM: Java HotSpot(TM) 64-Bit Server VM (25.202-b08 mixed mode windows-amd64 compressed oops)
Heap:
 PSYoungGen      total 517632K, used 488448K [0x0000000780600000, 0x00000007b3b00000, 0x00000007c0000000)
  eden space 488448K, 100% used [0x0000000780600000,0x000000079e300000,0x000000079e300000)
  from space 29184K, 0% used [0x00000007a1980000,0x00000007a1980000,0x00000007a3600000)
  to   space 55808K, 0% used [0x000000079e300000,0x000000079e300000,0x00000007a1980000)
 ParOldGen       total 69632K, used 69598K [0x0000000701200000, 0x0000000705600000, 0x0000000780600000)
  object space 69632K, 99% used [0x0000000701200000,0x00000007055f7ba0,0x0000000705600000)
 Metaspace       used 38734K, capacity 40054K, committed 40320K, reserved 1083392K
  class space    used 5157K, capacity 5443K, committed 5504K, reserved 1048576K
GC Heap History (10 events):
Event: 10.059 GC heap before
{Heap before GC invocations=14 (full 4):
 PSYoungGen      total 517632K, used 488448K [0x0000000780600000, 0x00000007b3b00000, 0x00000007c0000000)
  eden space 488448K, 100% used [0x0000000780600000,0x000000079e300000,0x000000079e300000)
  from space 29184K, 0% used [0x00000007a1980000,0x00000007a1980000,0x00000007a3600000)
  to   space 55808K, 0% used [0x000000079e300000,0x000000079e300000,0x00000007a1980000)
 ParOldGen       total 69632K, used 63333K [0x0000000701200000, 0x0000000705600000, 0x0000000780600000)
  object space 69632K, 90% used [0x0000000701200000,0x0000000704fd96d8,0x0000000705600000)
 Metaspace       used 38698K, capacity 39930K, committed 40064K, reserved 1083392K
  class space    used 5152K, capacity 5437K, committed 5504K, reserved 1048576K
Event: 10.196 GC heap after
Heap after GC invocations=14 (full 4):
 PSYoungGen      total 517632K, used 0K [0x0000000780600000, 0x00000007b3b00000, 0x00000007c0000000)
  eden space 488448K, 0% used [0x0000000780600000,0x0000000780600000,0x000000079e300000)
  from space 29184K, 0% used [0x00000007a1980000,0x00000007a1980000,0x00000007a3600000)
  to   space 55808K, 0% used [0x000000079e300000,0x000000079e300000,0x00000007a1980000)
 ParOldGen       total 69632K, used 67693K [0x0000000701200000, 0x0000000705600000, 0x0000000780600000)
  object space 69632K, 97% used [0x0000000701200000,0x000000070541b770,0x0000000705600000)
 Metaspace       used 38698K, capacity 39930K, committed 40064K, reserved 1083392K
  class space    used 5152K, capacity 5437K, committed 5504K, reserved 1048576K
}
Event: 10.919 GC heap before
{Heap before GC invocations=15 (full 5):
 PSYoungGen      total 517632K, used 488448K [0x0000000780600000, 0x00000007b3b00000, 0x00000007c0000000)
  eden space 488448K, 100% used [0x0000000780600000,0x000000079e300000,0x000000079e300000)
  from space 29184K, 0% used [0x00000007a1980000,0x00000007a1980000,0x00000007a3600000)
  to   space 55808K, 0% used [0x000000079e300000,0x000000079e300000,0x00000007a1980000)
 ParOldGen       total 69632K, used 67693K [0x0000000701200000, 0x0000000705600000, 0x0000000780600000)
  object space 69632K, 97% used [0x0000000701200000,0x000000070541b770,0x0000000705600000)
 Metaspace       used 38698K, capacity 39930K, committed 40064K, reserved 1083392K
  class space    used 5152K, capacity 5437K, committed 5504K, reserved 1048576K
Event: 11.185 GC heap after
Heap after GC invocations=15 (full 5):
 PSYoungGen      total 517632K, used 6078K [0x0000000780600000, 0x00000007b3b00000, 0x00000007c0000000)
  eden space 488448K, 1% used [0x0000000780600000,0x0000000780befbb0,0x000000079e300000)
  from space 29184K, 0% used [0x00000007a1980000,0x00000007a1980000,0x00000007a3600000)
  to   space 55808K, 0% used [0x000000079e300000,0x000000079e300000,0x00000007a1980000)
 ParOldGen       total 69632K, used 69616K [0x0000000701200000, 0x0000000705600000, 0x0000000780600000)
  object space 69632K, 99% used [0x0000000701200000,0x00000007055fc220,0x0000000705600000)
 Metaspace       used 38698K, capacity 39930K, committed 40064K, reserved 1083392K
  class space    used 5152K, capacity 5437K, committed 5504K, reserved 1048576K
}
Event: 11.783 GC heap before
{Heap before GC invocations=16 (full 6):
 PSYoungGen      total 517632K, used 488448K [0x0000000780600000, 0x00000007b3b00000, 0x00000007c0000000)
  eden space 488448K, 100% used [0x0000000780600000,0x000000079e300000,0x000000079e300000)
  from space 29184K, 0% used [0x00000007a1980000,0x00000007a1980000,0x00000007a3600000)
  to   space 55808K, 0% used [0x000000079e300000,0x000000079e300000,0x00000007a1980000)
 ParOldGen       total 69632K, used 69616K [0x0000000701200000, 0x0000000705600000, 0x0000000780600000)
  object space 69632K, 99% used [0x0000000701200000,0x00000007055fc220,0x0000000705600000)
 Metaspace       used 38703K, capacity 39946K, committed 40064K, reserved 1083392K
  class space    used 5152K, capacity 5437K, committed 5504K, reserved 1048576K
Event: 11.980 GC heap after
Heap after GC invocations=16 (full 6):
 PSYoungGen      total 517632K, used 15594K [0x0000000780600000, 0x00000007b3b00000, 0x00000007c0000000)
  eden space 488448K, 3% used [0x0000000780600000,0x000000078153a958,0x000000079e300000)
  from space 29184K, 0% used [0x00000007a1980000,0x00000007a1980000,0x00000007a3600000)
  to   space 55808K, 0% used [0x000000079e300000,0x000000079e300000,0x00000007a1980000)
 ParOldGen       total 69632K, used 69547K [0x0000000701200000, 0x0000000705600000, 0x0000000780600000)
  object space 69632K, 99% used [0x0000000701200000,0x00000007055eafb0,0x0000000705600000)
 Metaspace       used 38703K, capacity 39946K, committed 40064K, reserved 1083392K
  class space    used 5152K, capacity 5437K, committed 5504K, reserved 1048576K
}
Event: 12.652 GC heap before
{Heap before GC invocations=17 (full 7):
 PSYoungGen      total 517632K, used 488448K [0x0000000780600000, 0x00000007b3b00000, 0x00000007c0000000)
  eden space 488448K, 100% used [0x0000000780600000,0x000000079e300000,0x000000079e300000)
  from space 29184K, 0% used [0x00000007a1980000,0x00000007a1980000,0x00000007a3600000)
  to   space 55808K, 0% used [0x000000079e300000,0x000000079e300000,0x00000007a1980000)
 ParOldGen       total 69632K, used 69547K [0x0000000701200000, 0x0000000705600000, 0x0000000780600000)
  object space 69632K, 99% used [0x0000000701200000,0x00000007055eafb0,0x0000000705600000)
 Metaspace       used 38724K, capacity 39994K, committed 40064K, reserved 1083392K
  class space    used 5158K, capacity 5445K, committed 5504K, reserved 1048576K
Event: 12.907 GC heap after
Heap after GC invocations=17 (full 7):
 PSYoungGen      total 517632K, used 24082K [0x0000000780600000, 0x00000007b3b00000, 0x00000007c0000000)
  eden space 488448K, 4% used [0x0000000780600000,0x0000000781d84828,0x000000079e300000)
  from space 29184K, 0% used [0x00000007a1980000,0x00000007a1980000,0x00000007a3600000)
  to   space 55808K, 0% used [0x000000079e300000,0x000000079e300000,0x00000007a1980000)
 ParOldGen       total 69632K, used 69621K [0x0000000701200000, 0x0000000705600000, 0x0000000780600000)
  object space 69632K, 99% used [0x0000000701200000,0x00000007055fd6c0,0x0000000705600000)
 Metaspace       used 38721K, capacity 39982K, committed 40064K, reserved 1083392K
  class space    used 5157K, capacity 5443K, committed 5504K, reserved 1048576K
}
Event: 13.478 GC heap before
{Heap before GC invocations=18 (full 8):
 PSYoungGen      total 517632K, used 488448K [0x0000000780600000, 0x00000007b3b00000, 0x00000007c0000000)
  eden space 488448K, 100% used [0x0000000780600000,0x000000079e300000,0x000000079e300000)
  from space 29184K, 0% used [0x00000007a1980000,0x00000007a1980000,0x00000007a3600000)
  to   space 55808K, 0% used [0x000000079e300000,0x000000079e300000,0x00000007a1980000)
 ParOldGen       total 69632K, used 69621K [0x0000000701200000, 0x0000000705600000, 0x0000000780600000)
  object space 69632K, 99% used [0x0000000701200000,0x00000007055fd6c0,0x0000000705600000)
 Metaspace       used 38721K, capacity 39982K, committed 40064K, reserved 1083392K
  class space    used 5157K, capacity 5443K, committed 5504K, reserved 1048576K
Event: 13.794 GC heap after
Heap after GC invocations=18 (full 8):
 PSYoungGen      total 517632K, used 33048K [0x0000000780600000, 0x00000007b3b00000, 0x00000007c0000000)
  eden space 488448K, 6% used [0x0000000780600000,0x00000007826462e0,0x000000079e300000)
  from space 29184K, 0% used [0x00000007a1980000,0x00000007a1980000,0x00000007a3600000)
  to   space 55808K, 0% used [0x000000079e300000,0x000000079e300000,0x00000007a1980000)
 ParOldGen       total 69632K, used 69598K [0x0000000701200000, 0x0000000705600000, 0x0000000780600000)
  object space 69632K, 99% used [0x0000000701200000,0x00000007055f7ba0,0x0000000705600000)
 Metaspace       used 38721K, capacity 39982K, committed 40064K, reserved 1083392K
  class space    used 5157K, capacity 5443K, committed 5504K, reserved 1048576K
}

